CC12C3(C(=O)C4(C(=O)CC(C(=O)C5(C)CCC5(C)C(=O)C(=O)C6CC(=O)O)C(=O)C(=O)C(=O)C(=O)C(=O)C(=O)C(=O)C(=O)C(=O)C(=O)C(=O)C(=O)C(=O)C(=O)C(=O)C(=O)C(=O)C(=O)C(=O)C(=O)C(=O)C(=O)C(=O)C(=O)C(=O)C(=O)C(=O)C(=O)C(=O)C(=O)C(=O)C(=O)C(=O)C(=O)C(=O)C(=O)C(=O)C(=O)C(=O)C(=O)C(=O)C(=O)C(=O)C(=O)C(=O)C(=O)C(=O)C(=O)C(=O)C(=O)C(=O)C(=O)C(=O)C(=O)C(=O)C(=O)C(=O)C(=O)C(=O)C(=O)C(=O)C(=O)C(=O)C(=O)C(=O)C(=O)C(=O)C(=O)C(=O)C(=O)C(=O)C(=O)C(=O)C(=O)C(=O)C(=O)C(=O)C(=O)C(=O)C(=O)C(=O)C(=O)C(=O)C(=O)C(=O)C(=O)C(=O)C(=O)C(=O)C(=O)C(=O)C(=O)C(=O)C(=O)C(=O)C(=O)C(=O)C(=O)C(=O)C(=O)C(=O)C(=O)C(=O)C(=O)C(=O)C(=O)C(=O)C(=O)C(=O)C(=O)C(=O)C(=O)C(=O)C(=O)C(=O)C(=O)C(=O)C
C([C@H]1[C@H]([C@@H](O1)O)O)C(=O)O[C@H2C@H]([C@@H](O2)C(=O)N)C4[C@H]([C@H]([C@@H](O4)C(=O)O)O)C(=O)O[C@H5C@H]([C@@H](O5)C(=O)N)
CC1=CC=C(C(=O)N1C2=CC=CC=C2)OC[C@H]1O[C@H]2[C@H](O)[C@@H](O)[C@H](O)[C@H](O)[C@H](O)[C@H](O)[C@H](O)[C@H](O)[C@H](O)[C@H](O)[C@H](O)[C@H](O)[C@H](O)[C@H](O)[C@H](O)[C@H](O)[C@H](O)[C@H](O)[C@H](O)[C@H](O)[C@H](O)[C@H](O)[C@H](O)[C@H](O)[C@H](O)[C@H](O)[C@H](O)[C@H](O)[C@H](O)[C@H](O)[C@H](O)[C@H](O)[C@H](O)[C@H](O)[C@H](O)[C@H](O)[C@H](O)[C@H](O)[C@H](O)[C@H](O)[C@H](O)[C@H](O)[C@H](O)[C@H](O)[C@H](O)[C@H](O)[C@H](O)[C@H](O)[C@H](O)[C@H](O)[C@H](O)[C@H](O)[C@H](O)[C@H](O)[C@H](O)[C@H](O)[C@H](O)[C@H](O)[C@H](O)[C@H](O)[C@H](O)[C@H](O)[C@H](O)[C@H](O)[C@H](O)[C@H](O)[C@H](O)[C@H](O)[C@H](O)[C@H](O)[C@H](O)[C@H](O)[C@H](O)[C@H](O)[C@H](O)[C@H](O)[C@H](O)[C@H](O)[C@H](O)[C@H](O)[
CC1=CC=CC=C1C2(C(C(C(C2)N)O)O)C
CC1=CN=C(N=C1C)NCC(=O)OCCOP(=O)(O)O[C]1csc(=S)n1
C([@H])(C(C(C(C(=O)O)O)O)O)O
C(C(CO)O)OCC(C=C/C/C/C/C/C/C/C/C/C/C/C/C/C/C/C/C)C(=O)(O)
[C][As](O)(O)(O)C1=CC=CC=C1(=O)
C(=O)OC(CCC(=O)CCCCCCCCCCC)CCCCCCCCCCC
C1=CC=C2C=CC=CC2C(=O)O
CC(C(=O)O)C(C(=O)O)C(C(=O)O)C(C(=O)O)C(C(=O)O)C(C(=O)O)C(C(=O)O)C(C(=O)O)C(C(=O)O)C(C(=O)O)C(C(=O)O)C(C(=O)O)C(C(=O)O)C(C(=O)O)C(C(=O)O)C(C(=O)O)C(C(=O)O)C(C(=O)O)C(C(=O)O)C(C(=O)O)C(C(=O)O)C(C(=O)O)C(C(=O)O)C(C(=O)O)C(C(=O)O)C(C(=O)O)C(C(=O)O)C(C(=O)O)C(C(=O)O)C(C(=O)O)C(C(=O)O)C(C(=O)O)C(C(=O)O)C(C(=O)O)C(C(=O)O)C(C(=O)O)C(C(=O)O)C(C(=O)O)C(C(=O)O)C(C(=O)O)C(C(=O)O)C(C(=O)O)C(C(=O)O)C(C(=O)O)C(C(=O)O)C(C(=O)O)C(C(=O)O)C(C(=O)O)C(C(=O)O)C(C(=O)O)C(C(=O)O)C(C(=O)O)C(C(=O)O)C(C(=O)O)C(C(=O)O)C(C(=O)O)C(C(=O)O)C(C(=O)O)C(C(=O)O)C(C(=O)O)C(C(=O)O)C(C(=O)O)C(C(=O)O)C(C(=O)O)C(C(=O)O)C(C(=O)O)C(C(=O)O)C(C(=O)O)C(C(=O)O)C(C(=O)O)C(C(=O)O)C(C(=O)O)C(C(=O)O)C
CC(=O)(N)C1=C(C(C(C(C(C1O)O)O)O)O)-C2=C(C(C(C(C(C2O)O)O)O)O)-C3=C(C(C(C(C(C3O)O)O)O)O)C(=O)(N)C4=C(C(C(C(C(C4O)O)O)O)O)C(=O)(N)C5=C(C(C(C(C(C5O)O)O)O)O)C6=C(C(C(C(C(C6O)O)O)O)O)O
CC(=O)Nc1ccc(cc2)c(c1)C(=O)Nc3ccc(cc4)C(=O)Nc5ccc(cc6)C(=O)Nc7ccc(cc8)C(=O)Nc9ccc(cc10)C(=O)Nc1ccc(cc2)C(=O)Nc3ccc(cc4)C(=O)Nc5ccc(cc6)C(=O)Nc7ccc(cc8)C(=O)Nc9ccc(cc10)C(=O)Nc1ccc(cc2)C(=O)Nc3ccc(cc4)C(=O)Nc5ccc(cc6)C(=O)Nc7ccc(cc8)C(=O)Nc9ccc(cc10)C(=O)Nc1ccc(cc2)C(=O)Nc3ccc(cc4)C(=O)Nc5ccc(cc6)C(=O)Nc7ccc(cc8)C(=O)Nc9ccc(cc10)C(=O)Nc1ccc(cc2)C(=O)Nc3ccc(cc4)C(=O)Nc5ccc(cc6)C(=O)Nc7ccc(cc8)C(=O)Nc9ccc(cc10)C(=O)Nc1ccc(cc2)C(=O)Nc3ccc(cc4)C(=O)Nc5ccc(cc6)C(=O)Nc7ccc(cc8)C(=O)Nc9ccc(cc10)C(=O)Nc1ccc(cc2)C(=O)Nc3ccc(cc4)C(=O)Nc5ccc(cc6)C(=O)Nc7ccc(cc8)C(=O)Nc9ccc(cc10)C(=O)Nc1ccc(cc2)C(=O)Nc3ccc(cc4)C(=O)Nc5ccc(cc6)C(=O)Nc7ccc(cc8)C(=O)Nc9ccc(cc10)C(=O)Nc1ccc(cc2)C(=O)Nc3ccc(cc4)C(=O)Nc5ccc(cc6)C(=O)Nc7ccc(cc8)C(=O)Nc9ccc(cc10)C(=O)Nc1ccc(cc2)C(=O
C1(C(=O)Br)C2(C(=O)N(C)C(=O)O)C(=O)N(C)C(C)C(C)C1OC2
C1=CC(=O)C(=O)C(=C(c)C)C(=O)C=C1O
CC1(C(=O)C2(C(=O)C3(C(=O)C4(C(=O)C5(C(=O)C6(C(=O)C7(C(=O)C8(C(=O)C9(C(=O)C1(C(=O)C2(C(=O)C3(C(=O)C4(C(=O)C5(C(=O)C6(C(=O)C7(C(=O)C8(C(=O)C9(C(=O)C1(C(=O)C2(C(=O)C3(C(=O)C4(C(=O)C5(C(=O)C6(C(=O)C7(C(=O)C8(C(=O)C9(C(=O)C1(C(=O)C2(C(=O)C3(C(=O)C4(C(=O)C5(C(=O)C6(C(=O)C7(C(=O)C8(C(=O)C9(C(=O)C1(C(=O)C2(C(=O)C3(C(=O)C4(C(=O)C5(C(=O)C6(C(=O)C7(C(=O)C8(C(=O)C9(C(=O)C1(C(=O)C2(C(=O)C3(C(=O)C4(C(=O)C5(C(=O)C6(C(=O)C7(C(=O)C8(C(=O)C9(C(=O)C1(C(=O)C2(C(=O)C3(C(=O)C4(C(=O)C5(C(=O)C6(C(=O)C7(C(=O)C8(C(=O)C9(C(=O)C1(C(=O)C2(C(=O)C3(C(=O)C4(C(=O)C5(C(=O)C6(C(=O)C7(C(=O)C8(C(=O)C9(C(=O)C1(C(=O)C2(C(=O)C3(C(=O)C4(C(=O)C5(C(=O)C6(C(=O)C7(C(=O)C8(C(=O)C9(C(=O)C1(C(=O)C2(C(=O)C3(C(=O)C4(C(=O)C5
CC1(C(=O)O)C2(C(=O)O)C3(C)C4(C)C5(C)C6(C)C7(C)C8(C)C9(C)C10(C)C11(C)C12(C)C13(C)C14(C)C15(C)C16(C)C17(C)C18(C)C19(C)C20(C)C21(C)C22(C)C23(C)C24(C)C25(C)C26(C)C27(C)C28(C)C29(C)C30(C)C31(C)C32(C)C33(C)C34(C)C35(C)C36(C)C37(C)C38(C)C39(C)C40(C)C41(C)C42(C)C43(C)C4(C)C5(C)C6(C)C7(C)C8(C)C9(C)C10(C)C11(C)C12(C)C13(C)C14(C)C15(C)C16(C)C17(C)C18(C)C19(C)C20(C)C21(C)C22(C)C23(C)C24(C)C25(C)C26(C)C27(C)C28(C)C29(C)C30(C)C31(C)C32(C)C33(C)C34(C)C35(C)C36(C)C37(C)C38(C)C39(C)C40(C)C41(C)C42(C)C43(C)C4(C)C5(C)C6(C)C7(C)C8(C)C9(C)C10(C)C11(C)C12(C)C13(C)C14(C)C15(C)C16(C)C17(C)C18(C)C19(C)C20(C)C21(C)C22(C)C23(C)C24(C)C25(C)C26(C)C27(C)C28(C)C29(C)C30(C)C31(C)C32(C)C33(C)C34(C)C35(C)C36(C)C37(C)C38(C)C39(C)C40(C)C41(C)C42(C)C43(C)C4(C)C5(C)C6(C)
CC(=O)NCCCC
[N+]=C1=CC=CC=C1c2ccc3c(cc2)N=Oc3
CC(C(=O)CO)CCCCCCCCCC(=O)O
OC(CCC(=O)O)CCCCCCCCCCCCC(=O)CCCCCC(=CH)CCCCCC(=CH)CCCCCC(=CH)CCCCCC(=CH)CCCCCC(=CH)CCCCCC(=CH)CCCCCC(=CH)CCCCCC(=CH)CCCCCC(=CH)CCCCCC(=CH)CCCCCC(=CH)CCCCCC(=CH)CCCCCC(=CH)CCCCCC(=CH)CCCCCC(=CH)CCCCCC(=CH)CCCCCC(=CH)CCCCCC(=CH)CCCCCC(=CH)CCCCCC(=CH)CCCCCC(=CH)CCCCCC(=CH)CCCCCC(=CH)CCCCCC(=CH)CCCCCC(=CH)CCCCCC(=CH)CCCCCC(=CH)CCCCCC(=CH)CCCCCC(=CH)CCCCCC(=CH)CCCCCC(=CH)CCCCCC(=CH)CCCCCC(=CH)CCCCCC(=CH)CCCCCC(=CH)CCCCCC(=CH)CCCCCC(=CH)CCCCCC(=CH)CCCCCC(=CH)CCCCCC(=CH)CCCCCC(=CH)CCCCCC(=CH)CCCCCC(=CH)CCCCCC(=CH)CCCCCC(=CH)CCCCCC(=CH)CCCCCC(=CH)CCCCCC(=CH)CCCCCC(=CH)CCCCCC(=CH)CCCCCC(=CH)CCCCCC(=CH)CCCCCC(=CH)CCCCCC(=CH)CCCCCC(=CH)CCCCCC(=CH)CCCCCC(=CH)CCCCCC(=CH)CCCCCC(=CH)CCCCCC(=CH)CCCCCC(=CH)CCCCCC(=CH)CCCCCC(=CH)CCCCCC(=CH)CCCCCC(=CH)CCCCCC(=CH)CCCCCC(=CH)CCCCCC(=CH)CCCCCC(=CH)CCCCCC(=CH)CCCCCC(=CH)CCCCCC(=CH)CCCCCC(=CH)CCCCCC(=CH)CCCCCC(=CH)CCCCCC(=CH)CCCCCC(=CH)CCCCCC(=CH)CCCCCC(=CH)CCCCCC(=CH)CCCCCC(=CH)CCCCCC(=CH)CCCCCC(=CH)CCCCCC(=CH)CCCCCC(=CH)CCCCCC(=CH)CCCCCC(=CH)CCCCCC(=CH)CCCCCC(=CH)CCCCCC(=CH)CCCCCC(=CH)CCCCCC(=CH)CCCCCC(=CH)CCCCCC(=CH)CCCCCC(=CH)CCCCCC(=CH)CCCCCC(=CH)CCCCCC(=CH)CCCCCC(=CH)CCCCCC(=CH)CCCCCC(=CH)CCCCCC(=CH)CCCCCC(=CH)CCCCCC(=CH)CCCCCC(=CH)CCCCCC(=CH)CCCCCC(=CH)CCCCCC(=CH)CCCCCC(=CH)CCCCCC(=CH)CCCCCC(=CH)CCCCCC(=CH)CCCCCC(=CH)CCCCCC(=CH)CCCCCC(=CH)CCCCCC(=CH)CCCCCC(=CH)CCCCCC(=CH)CCCCCC(=CH)CCCCCC(=CH)CCCCCC(=CH)CCCCCC(=CH)CCCCCC(=CH)CCCCCC(=CH)CCCCCC
c1ccc2c(cc1)S2=C(N)C(=O)NCC(=O)O
O=C1[C@H]2[C@H](O)[C@H](O)[C@H](N)[C@H]2O-C(=O)-O[C@H]3[C@H](O)[C@H](O)[C@H](N)[C@H]3O-C(=O)-O[C@H]4[C@H](O)[C@H](O)[C@H](N)[C@H]4O
C(C(=O)O)C(=O)N([H])[C(=O)N]
I cannot provide a SMILES string for the conjugate base of Photinus luciferin, as it requires specific details about the structure of Photinus luciferin and the modifications made to form its conjugate base and enantiomer.
CCCCCCCCCCCCCCCCC(=O)OC(C)CCCCCCCCC(C(=O)O)O
[C@H]1CC[C@H]2[C@H]3CCC4=CC(=O)N(C(C(C(C(O)C3)C)C)C)C
CC(=O)N(C(=O)N1CC(=O)N(C(=O)N(C(=O)N(C(=O)N(C(=O)N(C(=O)N(C(=O)N(C(=O)N(C(=O)N(C(=O)N(C(=O)N(C(=O)N(C(=O)N(C(=O)N(C(=O)N(C(=O)N(C(=O)N(C(=O)N(C(=O)N(C(=O)N(C(=O)N(C(=O)N(C(=O)N(C(=O)N(C(=O)N(C(=O)N(C(=O)N(C(=O)N(C(=O)N(C(=O)N(C(=O)N(C(=O)N(C(=O)N(C(=O)N(C(=O)N(C(=O)N(C(=O)N(C(=O)N(C(=O)N(C(=O)N(C(=O)N(C(=O)N(C(=O)N(C(=O)N(C(=O)N(C(=O)N(C(=O)N(C(=O)N(C(=O)N(C(=O)N(C(=O)N(C(=O)N(C(=O)N(C(=O)N(C(=O)N(C(=O)N(C(=O)N(C(=O)N(C(=O)N(C(=O)N(C(=O)N(C(=O)N(C(=O)N(C(=O)N(C(=O)N(C(=O)N(C(=O)N(C(=O)N(C(=O)N(C(=O)N(C(=O)N(C(=O)N(C(=O)N(C(=O)N(C(=O)N(C(=O)N(C(=O)N(C(=O)N(C(=O)N(C(=O)N(C(=O)N(C(=O)N(C(=O)N(C(=O)N(C(=O)N(C(=O)N(C(=O)N(C(=O)N(C(=O)N(C(=O)N(C(=O)N(C(=O)N(C(=O)N(C(=O)N(C(=O)N(C(=O)N(C(=O)N(C(=O)N(C(=O)N(C(=O)N(C
C(C)C1=CC=CC2=C1CCC2
CC1=C(C(C(C(C(C1O)O)O)O)O)S(=O)(=S)COC2=C(C(C(C(C(C2O)O)O)O)O)O[C@H]3C[C@@H]4[C@H]([C@@H](O4)O)O[C@H]5C[C@H]([C@H](O5)O)O[C@H]6C[C@H]([C@H](O6)O)O[C@H]7C[C@H]([C@H](O7)O)O[C@H]8C[C@H]([C@H](O8)O)O[C@H]9C[C@H]([C@H](O9)O)O[C@H]10C[C@H]([C@H](O10)O)O)O
CC1(C(=O)O)C(=C)C(=C)C(=C)C(=C)C(=C)C(=C)C(=C)C(=C)C(=C)C(=C)C(=C)C(=C)C(=C)C(=C)C(=C)C(=C)C(=C)C(=C)C(=C)C(=C)C(=C)C(=C)C(=C)C(=C)C(=C)C(=C)C(=C)C(=C)C(=C)C(=C)C(=C)C(=C)C(=C)C(=C)C(=C)C(=C)C(=C)C(=C)C(=C)C(=C)C(=C)C(=C)C(=C)C(=C)C(=C)C(=C)C(=C)C(=C)C(=C)C(=C)C(=C)C(=C)C(=C)C(=C)C(=C)C(=C)C(=C)C(=C)C(=C)C(=C)C(=C)C(=C)C(=C)C(=C)C(=C)C(=C)C(=C)C(=C)C(=C)C(=C)C(=C)C(=C)C(=C)C(=C)C(=C)C(=C)C(=C)C(=C)C(=C)C(=C)C(=C)C(=C)C(=C)C(=C)C(=C)C(=C)C(=C)C(=C)C(=C)C(=C)C(=C)C(=C)C(=C)C(=C)C(=C)C(=C)C(=C)C(=C)C(=C)C(=C)C(=C)C(=C)C(=C)C(=C)C(=C)C(=C)C(=C)C(=C)C(=C)C(=C)C(=C)C(=C)C(=C)C(=C)C(=C)C(=C)C(=C)C(=C)C(=C)C(=C)C(=C)C(=C)C(=C)C(=C)C(=C)C(=C)
C1=CC(=O)C2=C(C=C(C(=O)C3=C(C(=O)C(=O)C3=O)O)C(=O)C2=O)C=C1.C1C(OC(O)C(O)C(O)C(O)C1O)O.1
CC1=CC=C2C(=O)C3=C(C=CC(=O)C3=C2)C=C1C4C5OC6(C(=O)C7=C(C(=O)C8=C(C(=O)C9OC(C)C)C9=C8)C=C7)C6(C(=O)C10(C)C(C(C)C)C)C4C(C)C1=CC=CC=C2C(=O)C3=C(C=CC(=O)C3=C2)C=C1
C1=CC=C2=C(C=CC=C2)C=C1C(=O)N(C)C(=O)O.C1=CC=CC2=C1C=CC(=C2)N1C(=O)N(C)C(=O)O.CC1CC1N.OC
[NH]1CC[C@](C)C(=O)C1
CC1=CC(=O)N=C1[C@H]1[C@H]2[C@H](N(C(=O)O)C(=O)O)C(=O)[C@H]2C1
C=1cnc2c(N)nc(N)c2N=C1C(C(C(C(C(=O)O)O)O)O)OP(=O)(O)O(O)
C1=NC(=O)NC2=C(C(=O)N=C1N)N=C2CC(=O)O
C1=CC(=O)C2=C(C=C(C(=O)C2=C1)O)O[H]OCH3
C1=CC(=O)C(=C(C(=O)C1)OCH3)OHCH3
CC(=O)(O)=C(C(=O)(O)=O)C(=O)OC
Clc1ccc(cc1C(=O)O)C(=O)OCC=CH2CH2
C(=O)Nc1ccc(cc1)O[C@H]2O[C@H](C(=O)Nc3ccc(cc3)O)C4=O[C@H]5O[C@H](C(=O)Nc6ccc(cc6)O)S(=O)(=O)O
C1=CC(C(=O)S(=O)(=O)C(=C1)O)NCC(=O)O
c1ccc(cc1)C1=CC(=CC(=C1)Cl)ClOC(=O)
C[C@@H](O)(C)CCCCCCCCCCCC(=O)O
C1(C2(C3(C4(C5C(=C(N(C6CC7=C(C(=C(C(=C7)C6)OC)OC)OC)OC)C)C(=O)C(=O)C4)C3)C2)C1)C(=C(N(C8CC9=C(C(=C(C(=C9)C8)OC)OC)OC)C)C)C(=O)C(=O)C5)C(C(=O)O)C(C(=O)O)C1(C2(C3(C4(C5C(=C(N(C6CC7=C(C(=C(C(=C7)C6)OC)OC)OC)OC)C)C(=O)C(=O)C4)C3)C2)C1)C(=C(N(C8CC9=C(C(=C(C(=C9)C8)OC)OC)OC)C)C)C
C1=C(\C(=O)Cl)C(=O)C(=C1)ClO-
CC(=O)[O-]C(C(=O)O)C(C(=O)O)C(=O)OCCCC(=O)[O-]C(C(=O)O)C(C(=O)O)C(=O)OCCCC(=O)[O-]C(C(=O)O)C(C(=O)O)C(=O)OCCCC(=O)[O-]C(C(=O)O)C(C(=O)O)C(=O)O
NCC(C(=O)O)C(C)C(=O)N
c1ccc2c(c3c(O)cc(O)c3O)c4c1c2c5C(=O)Oc5c4OC(C)C
C1=CNc2c(cc(N)cc2N)C1[C@H]
c1ccc2c(c3c(c(c(c(c3c2c1)C(=O)N(C(=O)N)C(=O)N)C(=O)N)C(=O)N)C(=O)N)C(=O)N(C(=O)N)C(=O)N
CC1=OOC(C(C(C(C(C(C1O)O)O)O)O)O)C(=O)N1C(=O)NOC(C(C(C(C(C(C1O)O)O)O)O)O)C(=O)N.C1=OOC(C(C(C(C(C(C1O)O)O)O)O)O)C(=O)N.C1=OOC(C(C(C(C(C(C1O)O)O)O)O)O)C(=O)N.C1=OOC(C(C(C(C(C(C1O)O)O)O)O)O)C(=O)N.C1=OOC(C(C(C(C(C(C1O)O)O)O)O)O)C(=O)N.C1=OOC(C(C(C(C(C(C1O)O)O)O)O)O)C(=O)N.C1=OOC(C(C(C(C(C(C1O)O)O)O)O)O)C(=O)N.C1=OOC(C(C(C(C(C(C1O)O)O)O)O)O)C(=O)N.C1=OOC(C(C(C(C(C(C1O)O)O)O)O)O)C(=O)N.C1=OOC(C(C(C(C(C(C1O)O)O)O)O)O)C(=O)N.C1=OOC(C(C(C(C(C(C1O)O)O)O)O)O)C(=O)N.C1=OOC(C(C(C(C(C(C1O)O)O)O)O)O)C(=O)N.C1=OOC(C(C(C(C(C(C1O)O)O)O)O)O)C(=O)N.C1=OOC(C(C(C(C(C(C1O)O)O)O)O)O)C(=O)N.C1=OOC(C(C(C(C(C(C1O)O)O)O)O)O)C(=O)N.C1=OOC(C(C(C(C(C(C1O)O)O)O)O)O)C(=O)N.C1=OOC(C(C(C(C(C(C1O)O)O
[S=O]O
CC(=O)N[C@H](C)C(=O)O[C@H](C)C(=O)N[C@H](C)C(=O)O[C@H](C)C(=O)N[C@H](C)C(=O)O[C@H](C)C(=O)N[C@H](C)C(=O)O[C@H](C)C(=O)N[C@H](C)C(=O)O[C@H](C)C(=O)N[C@H](C)C(=O)O[C@H](C)C(=O)N[C@H](C)C(=O)O[C@H](C)C(=O)N[C@H](C)C(=O)O[C@H](C)C(=O)N[C@H](C)C(=O)O[C@H](C)C(=O)N[C@H](C)C(=O)O[C@H](C)C(=O)N[C@H](C)C(=O)O[C@H](C)C(=O)N[C@H](C)C(=O)O[C@H](C)C(=O)N[C@H](C)C(=O)O[C@H](C)C(=O)N[C@H](C)C(=O)O[C@H](C)C(=O)N[C@H](C)C(=O)O[C@H](C)C(=O)N[C@H](C)C(=O)O[C@H](C)C(=O)N[C@H](C)C(=O)O[C@H](C)C(=O)N[C@H](C)C(=O)O[C@H](C)C(=O)N[C@H](C)C(=O)O[C@H](C)C(=O)N[C@H](C)C(=O)O[C@H](C)C(=O)N[C@H](C)C(=O)O[C@H](C)C(=O)N[C@H](C)C(=O)O[C@H](C)C(=O)N[C@H](C)C(=O)O[C@H](C)C(=O)N[C
CC(C=CC=CC=CC=CC=CC=CC=CC=CC=CC=CC=CC=CC=CC=CC=CC=CC=CC=CC=CC=CC=CC=CC=CC=CC=CC=CC=CC=CC=CC=CC=CC=CC=CC=CC=CC=CC=CC=CC=CC=CC=CC=CC=CC=CC=CC=CC=CC=CC=CC=CC=CC=CC=CC=CC=CC=CC=CC=CC=CC=CC=CC=CC=CC=CC=CC=CC=CC=CC=CC=CC=CC=CC=CC=CC=CC=CC=CC=CC=CC=CC=CC=CC=CC=CC=CC=CC=CC=CC=CC=CC=CC=CC=CC=CC=CC=CC=CC=CC=CC=CC=CC=CC=CC=CC=CC=CC=CC=CC=CC=CC=CC=CC=CC=CC=CC=CC=CC=CC=CC=CC=CC=CC=CC=CC=CC=CC=CC=CC=CC=CC=CC=CC=CC=CC=CC=CC=CC=CC=CC=CC=CC=CC=CC=CC=CC=CC=CC=CC=CC=CC=CC=CC=CC=CC=CC=CC=CC=CC=CC=CC=CC=CC=CC=CC=CC=CC=CC=CC=CC=CC=CC=CC=CC=CC=CC=CC=CC=CC=CC=CC=CC=CC=CC=CC=CC=CC=CC=CC=CC=CC=CC=CC=CC=CC=CC=CC=CC=CC=CC=CC=CC=CC=CC=CC=CC=CC=CC=CC=CC=CC=CC=CC=CC=CC=CC=CC=CC=CC=CC=CC=CC=CC=CC=CC=CC=CC=CC=CC=CC=CC=CC=CC=CC=CC=CC=CC=CC=CC=CC=CC=CC=CC=CC=CC=CC=CC=CC=CC=CC=CC=CC=CC=CC=CC=CC
C1=CC=CC(=O)C=C1C(=O)O
CCCCC(=C)C(=O)C(=O)O-
[C]([C]([C]([C]([C]([C]([C]([C]([C]([C]([C]([C]([C]([C]([C]([C]([C]([C]([C]([C]([C]([C]([C]([C]([C]([C]([C]([C]([C]([C]([C]([C]([C]([C]([C]([C]([C]([C]([C]([C]([C]([C]([C]([C]([C]([C]([C]([C]([C]([C]([C]([C]([C]([C]([C]([C]([C]([C]([C]([C]([C]([C]([C]([C]([C]([C]([C]([C]([C]([C]([C]([C]([C]([C]([C]([C]([C]([C]([C]([C]([C]([C]([C]([C]([C]([C]([C]([C]([C]([C]([C]([C]([C]([C]([C]([C]([C]([C]([C]([C]([C]([C]([C]([C]([C]([C]([C]([C]([C]([C]([C]([C]([C]([C]([C]([C]([C]([C]([C]([C]([C]([C]([C]([C]([C]([C]([C]([C]([C]([C]([C]([C]([C]([C]([C]([C]([C]([C]([C]([C]([C]([C]([C]([C]([C]([C]([C]([C]([C]([C]([C]([C]([C]([C]([C]([C]([C]([C]([C]([C]([C]([C]([C]([C]([C]([C]([C]([C]([C]([C]([C]
C1=CC(=O)O[C@H]2C(O)C(O)C(O)C2O1OC3=CC(=O)O[C@H]4C(O)C(O)C(O)C(O)C4O3
CCCCCCCCCCCCCCCCCCCCCCCCC(O)C26CC
C1(C(C(C(C(C(C1)C)C)C)C(=C)C(=C)C)C(=C)C(O)
c1c(C(C(C(C(C(C(O)O)O)O)O)O)O)O1Nc2cnc3c(N)nc(N)nc2CCCNCCCCCCN
c1ccc2c(ccc1)Nc3ccccc3C(=O)C(F)C(=O)O
CC1=CC(=O)C2=C(C=C(C(=O)C3=C(C=C(C(=O)C3=C1)O)O)O)O-C(=O)O
CC(C=CC(C=CC(C=CC(C=CC(C=CC(C=CC(C=CC(C=CC(C=CC(C=CC(C=CC(C=CC(C=CC(C=CC(C=CC(C=CC(C=CC(C=CC(C=CC(C=CC(C=CC(C=CC(C=CC(C=CC(C=CC(C=CC(C=CC(C=CC(C=CC(C=CC(C=CC(C=CC(C=CC(C=CC(C=CC(C=CC(C=CC(C=CC(C=CC(C=CC(C=CC(C=CC(C=CC(C=CC(C=CC(C=CC(C=CC(C=CC(C=CC(C=CC(C=CC(C=CC(C=CC(C=CC(C=CC(C=CC(C=CC(C=CC(C=CC(C=CC(C=CC(C=CC(C=CC(C=CC(C=CC(C=CC(C=CC(C=CC(C=CC(C=CC(C=CC(C=CC(C=CC(C=CC(C=CC(C=CC(C=CC(C=CC(C=CC(C=CC(C=CC(C=CC(C=CC(C=CC(C=CC(C=CC(C=CC(C=CC(C=CC(C=CC(C=CC(C=CC(C=CC(C=CC(C=CC(C=CC(C=CC(C=CC(C=CC(C=CC(C=CC(C=CC(C=CC(C=CC(C=CC(C=CC(C=CC(C=CC(C=CC(C=CC(C=CC(C=CC(C=CC(C=CC(C=CC(C=CC(C=CC(C=CC(C=CC(C=CC(C=CC(C=CC(C=CC(C=CC(C=CC(C=CC(C=CC(C=CC(C=CC(C=CC(C=CC(C=CC(C=CC(C=CC(C=CC(C=CC(C=CC(C=CC(C=CC(C=CC(C=CC(C=CC(C=CC(C=CC(C=CC(C=CC(C=CC(C=CC(C=CC(C=CC(C=CC(C=CC(C=CC(C=CC(C=CC(C=CC(C=CC(C=CC(C=CC(C=CC(C=CC(C=CC(C=CC(C=CC(C=CC(C=CC(C=CC(C=CC(C=CC(C=CC(C
[C@]1(C(=O)N[C@H]2C(=O)N[C@H]2C(=O)N[C@H]1C(=O)N)C(=O)N[C@H]1C(=O)N[C@H]1C(=O)N
CC(C(=O)N)C(C(=O)N)C([H])([H])[C@@H](N(C(=O)O)C([H])[H])[H]
C([C@H]1O)(C([H])(O)O[C@H]2O[C@H]([H])O[C@H]2O)C1O[C@H]3O[C@H]4O[C@H]([H])O[C@H]4O[C@H]3O
C1(C(C(C(C(C(C1O)O)O)O)O)P(=O)(O)O)P(=O)(O)OP(=O)(O)O.P(=O)(O)OP(=O)(O)O
C1=CC(=O)C2=C(C(=O)C(=O)O)C(=O)O)C1
c1ccc(cc1)C(=O)O
CC(=O)C1CCC2(C(C)C3(C(C)C4(C(C)C5(C(C)C6(C(C)C7(C(C)C8(C(C)C9(C(C)C(C(C)C(C)C(C)C(C)C(C)C(C)C(C)C(C)C(C)C(C)C(C)C(C)C(C)C(C)C(C)C(C)C(C)C(C)C(C)C(C)C(C)C(C)C(C)C(C)C(C)C(C)C(C)C(C)C(C)C(C)C(C)C(C)C(C)C(C)C(C)C(C)C(C)C(C)C(C)C(C)C(C)C(C)C(C)C(C)C(C)C(C)C(C)C(C)C(C)C(C)C(C)C(C)C(C)C(C)C(C)C(C)C(C)C(C)C(C)C(C)C(C)C(C)C(C)C(C)C(C)C(C)C(C)C(C)C(C)C(C)C(C)C(C)C(C)C(C)C(C)C(C)C(C)C(C)C(C)C(C)C(C)C(C)C(C)C(C)C(C)C(C)C(C)C(C)C(C)C(C)C(C)C(C)C(C)C(C)C(C)C(C)C(C)C(C)C(C)C(C)C(C)C(C)C(C)C(C)C(C)C(C)C(C)C(C)C(C)C(C)C(C)C(C)C(C)C(C)C(C)C(C)C(C)C(C)C(C)C(C)C(C)C(C)C(C)C(C)C(C)C(C)C(C)C(C)C(C)C(C)C(C)C(C)C(C)C(C)C(C)C(C)C(C)C(C)C(C)C(C)C(C)C(C)C(C)C(C)C(C)C(C)C(C)C(C)C(C)C(C)C(C)C(C)C(C)C(C)C(C)
S(C)(=O)C(=O)O
C[C@H]1[C@H](O)[C@H](O)[C@H](O)[C@H]1O
C1(C(=C)C(=C)CC(C=C)C)C
C1(C(C(=O)C2(C(C(C(C2)C(=O)C(=C(C)C(C(C)C)C)C)C)C)C)C)C1OC(=O)C2(C(C(C(C2)C(=O)C)C(=C(C)C(C(C)C)C)C)C)C
CC1=C(C=C(C=C1)C2=C(C=C(C=C2)C3=C(C(=O)C4=C(C=C(C=C4)C5=C(C(=O)C6=C(C=C(C=C6)C7=C(C=C(C=C7)C8=C(C=C(C=C8)C9=C(C(=O)C1=C2)C3=C(C(=O)C4=C(C=C(C=C4)C5=C(C(=O)C6=C(C=C(C=C6)C7=C(C=C(C=C7)C8=C(C=C(C=C8)C9=C(C(=O)C1=C2)C3=C(C(=O)C4=C(C=C(C=C4)C5=C(C(=O)C6=C(C=C(C=C6)C7=C(C=C(C=C7)C8=C(C=C(C=C8)C9=C(C(=O)C1=C2)C3=C(C(=O)C4=C(C=C(C=C4)C5=C(C(=O)C6=C(C=C(C=C6)C7=C(C=C(C=C7)C8=C(C=C(C=C8)C9=C(C(=O)C1=C2)C3=C(C(=O)C4=C(C=C(C=C4)C5=C(C(=O)C6=C(C=C(C=C6)C7=C(C=C(C=C7)C8=C(C=C(C=C8)C9=C(C(=O)C1=C2)C3=C(C(=O)C4=C(C=C(C=C4)C5=C(C(=O)C6=C(C=C(C=C6)C7=C(C=C(C=C7)C8=C(C=C(C=C8)C9=C(C(=O)C1=C2)C3=C(C(=O)C4=C(C=C(C=C4)C5=C(C(=O)C6=C(C=C(C=C6)C7=C(C=C(C=C7)C8=C(C=C(C=C8)C9=C(C(=O)C1=C2)C3=C(C(=O)C4=C(C=C(C=C4)C5=C(C(=O)C6=C(C=C(C=C6)C7=C(C=C(C=C7)C8=C(C=C(C=C8)C9=C(C(=O)C1=C
[NH3+]C(=O)NCC(=O)N
CC1CCC2C(C1)C(=O)O(=O)C1=CN=C(S)N1=CNC(=O)N2CC(=O)N(C(C(C(C(C(C(C(C(C(C(C(C(C(C(C(C(C(C(C(C(C(C(C(C(C(C(C(C(C(C(C(C(C(C(C(C(C(C(C(C(C(C(C(C(C(C(C(C(C(C(C(C(C(C(C(C(C(C(C(C(C(C(C(C(C(C(C(C(C(C(C(C(C(C(C(C(C(C(C(C(C(C(C(C(C(C(C(C(C(C(C(C(C(C(C(C(C(C(C(C(C(C(C(C(C(C(C(C(C(C(C(C(C(C(C(C(C(C(C(C(C(C(C(C(C(C(C(C(C(C(C(C(C(C(C(C(C(C(C(C(C(C(C(C(C(C(C(C(C(C(C(C(C(C(C(C(C(C(C(C(C(C(C(C(C(C(C(C(C(C(C(C(C(C(C(C(C(C(C(C(C(C(C(C(C(C(C(C(C(C(C(C(C(C(C(C(C(C(C(C(C(C(C(C(C(C(C(C(C(C(C(C(C(C(C(C(C(C(C(C(C(C(C(C(C(C(C(C(C(C(C(C(C(C(C(C(C(C(C(C(C(C(C(C(C(C(C(C(C(C(C(C(C(C(C(C(C(C(C(C(C(C(C(C(C(C(C(C(C(C(C(C(C(C(C(C(C(C(C(C(C(C(C(C(C(C(C(C(C(C(C(C(C(C(C(C(C(C(C(C(C(C(C(C(C(C(C(C(C(C(C(C(C(C(C(C(C(C(C(C(C(C(C(C(C(C(C(C(C(C(C(C(C(C(C(C(C(C(C(C(C(C(C(C(C(C(C(C(C(C(C(C(C(C(C(C(C(C(C(C(C(C(C(C(C(C(C(C(C(C(C(C(C(C(C(C(C(C(C(C(C(C(C(C(C(C(C(C(C(C(C(C(C(C(C(C(C(C(C(C(C(C(C(C(C(C(C(C(C(C(C(C(C(C(C(C(C(C(C(C(C(C(C(C(C(C(C(C(C(C(C(C(C(C(C(C(C(C(C(C(C(C(C(C(C(C(C(C(C(C(C(C(C(C(C(C(C(C(C(C(C(C(C(C(C(C(C(C(C(C(C(C(C(C(C
C1(C(=O)C2(C(=O)C3(C(=O)C4(C5(C6=C7(C8(C9N(C1)C2)C3)C4)C5)C6=C7)C8)C(=O)C9
CC1=CC(=C(C=C1OC2CC(C(CO)O)C2)OC)OC(=O)C1=CC(=C(C=C1)OC)O
C1=CC(=O)N1C(=O)N[C(=S)N1C(=S)N(N=C1)CC(=S)N1C(=S)N(N=C1)C]CC(=O)O[N1C(=N)NN=N1]
CC(=O)CCCC(=O)C(C(=O)O)C(=O)OCCCC(=O)OCC(=O)OCCCC(=O)OCC(=O)OCCCC(=O)OCC(=O)OCCCC(=O)OCC(=O)OCCCC(=O)OCC(=O)OCCCC(=O)OCC(=O)OCCCC(=O)OCC(=O)OCCCC(=O)OCC(=O)OCCCC(=O)OCC(=O)OCCCC(=O)OCC(=O)OCCCC(=O)OCC(=O)OCCCC(=O)OCC(=O)OCCCC(=O)OCC(=O)OCCCC(=O)OCC(=O)OCCCC(=O)OCC(=O)OCCCC(=O)OCC(=O)OCCCC(=O)OCC(=O)OCCCC(=O)OCC(=O)OCCCC(=O)OCC(=O)OCCCC(=O)OCC(=O)OCCCC(=O)OCC(=O)OCCCC(=O)OCC(=O)OCCCC(=O)OCC(=O)OCCCC(=O)OCC(=O)OCCCC(=O)OCC(=O)OCCCC(=O)OCC(=O)OCCCC(=O)OCC(=O)OCCCC(=O)OCC(=O)OCCCC(=O)OCC(=O)OCCCC(=O)OCC(=O)OCCCC(=O)OCC(=O)OCCCC(=O)OCC(=O)OCCCC(=O)OCC(=O)OCCCC(=O)OCC(=O)OCCCC(=O)OCC(=O)OCCCC(=O)OCC(=O)OCCCC(=O)OCC(=O)OCCCC(=O)OCC(=O)OCCCC(=O)OCC(=O)OCCCC(=O)OCC(=O)OCCCC(=O)OCC(=O)OCCCC(=O)OCC(=O)OCCCC(=O)OCC(=O)OCCCC(=O)OCC(=O)OCCCC(=O)OCC(=O)OCCCC(=O)OCC(=O)OCCCC(=O)OCC(=O)OCCCC(=O)OCC(=O)OCCCC(=O)OCC(=O)OCCCC(=
CC(=O)CNH4+
C1=CC=C(C(=O)N(C)C2=CC=CC3=C2C(=O)N(C)C4=C3C=CC=C4)C1[NH3+]
CC(=O)(C)(O)OCC
CCCC(=O)OCC(=O)C/C=C/C[C@H]1[C@H]2[C@H]([C@H]3[C@H]([C@H]([C@H]([C@H]([C@H]([C@H]3O)O2)O)O)O)O)C1=CC(=O)N1
C1=CC(=CC(=C1)O)OCC(=O)NCC(=O)O
C1=CC=C(C=C2C(=C(C(=C2/Br)C3=CC=CC=C3)C=C1)C(C(C1C(C(C(C(O1)O)O)O)O)O)O)O
CC(C1=O)[C@H](N)C(=O)N[C@H]1O[C@H]2[C@H]([C@H]([C@H]([C@H]([C@H]2O)O)O)O)O[C@H]3[C@H]([C@H]([C@H]([C@H]([C@H]3O)O)O)O)O)C[C@H]4[C@H]([C@H]([C@H]([C@H]([C@H]4O)O)O)O)O)C[C@H]5[C@H]([C@H]([C@H]([C@H]([C@H]5O)O)O)O)O)F
c1ccc(cc1)C(=O)N=C(N=C1)c1ccc1Cl
CC(=O)NCC(=O)NCC(=O)NCC(=O)NCC(=O)NCC(=O)NCC(=O)NCC(=O)NCC(=O)NCC(=O)NCC(=O)NCC(=O)NCC(=O)NCC(=O)NCC(=O)NCC(=O)NCC(=O)NCC(=O)NCC(=O)NCC(=O)NCC(=O)NCC(=O)NCC(=O)NCC(=O)NCC(=O)NCC(=O)NCC(=O)NCC(=O)NCC(=O)NCC(=O)NCC(=O)NCC(=O)NCC(=O)NCC(=O)NCC(=O)NCC(=O)NCC(=O)NCC(=O)NCC(=O)NCC(=O)NCC(=O)NCC(=O)NCC(=O)NCC(=O)NCC(=O)NCC(=O)NCC(=O)NCC(=O)NCC(=O)NCC(=O)NCC(=O)NCC(=O)NCC(=O)NCC(=O)NCC(=O)NCC(=O)NCC(=O)NCC(=O)NCC(=O)NCC(=O)NCC(=O)NCC(=O)NCC(=O)NCC(=O)NCC(=O)NCC(=O)NCC(=O)NCC(=O)NCC(=O)NCC(=O)NCC(=O)NCC(=O)NCC(=O)NCC(=O)NCC(=O)NCC(=O)NCC(=O)NCC(=O)NCC(=O)NCC(=O)NCC(=O)NCC(=O)NCC(=O)NCC(=O)NCC(=O)NCC(=O)NCC(=O)NCC(=O)NCC(=O)NCC(=O)NCC(=O)NCC(=O)NCC(=O)NCC(=O)NCC(=O)NCC(=O)NCC(=O)NCC(=O)NCC(=O)NCC(=O)NCC(=O)NCC(=O)NCC(=
C[C@H]1CC[C@H]2[C@@H]3CCC4=CC(=O)N(C)C(=O)C[C@@H]4[C@H]2[C@H]1OOS(=O)=O[-]
Cr
CCCCCCCCC(=O)C(F)(F)F
C1=CC(=O)C(O)C2=CC=CC=C2NCC(=O)O
CC(C(=O)Nc1ccc(cc1C)N2CCN(C)CC2N(C)C3=CC=CC=C3)C(C(F)(F)F)C(F)(F)F
C1=CC(=O)C2=C(C(=O)C3=C(C(=O)C4=C(C(=O)C5=C(C(=O)C6=C(C(=O)C7=C(C(=O)C8=C(C(=O)C9=C(C(=O)C1)C(C(=O)C2)C(C(=O)C3)C(C(=O)C4)C(C(=O)C5)C(C(=O)C6)C(C(=O)C7)C(C(=O)C8)C(C(=O)C9)C)C)C)C)C)C)C)C)C)C)C)C)C)C)C)C)C)C)C)C)C)C)C)C)C)C)C)C)C)C)C)C)C)C)C)C)C)C)C)C)C)C)C)C)C)C)C)C)C)C)C)C)C)C)C)C)C)C)C)C)C)C)C)C)C)C)C)C)C)C)C)C)C)C)C)C)C)C)C)C)C)C)C)C)C)C)C)C)C)C)C)C)C)C)C)C)C)C)C)C)C)C)C)C)C)C)C)C)C)C)C)C)C)C)C)C)C)C)C)C)C)C)C)C)C)C)C)C)C)C)C)C)C)C)C)C)C)C)C)C)C)C)C)C)C)C)C)C)C)C)C)C)C)C)C)C)C)C)C)C)C)C)C)C)C)C)C)C)C)C)C)C)C)C)C)C)C)C)C)C)C)C)C)C)C)C)C)C)C)C)C)
CC(C)CCCC(C)CCCC(C)CCCC(C)CCCC(C)CCCC(C)CCCC(C)CCCC(C)CCCC(C)CCCC(C)CCCC(C)CCCC(C)CCCC(C)CCCC(C)CCCC(C)CCCC(C)CCCC(C)CCCC(C)CCCC(C)CCCC(C)CCCC(C)CCCC(C)CCCC(C)CCCC(C)CCCC(C)CCCC(C)CCCC(C)CCCC(C)CCCC(C)CCCC(C)CCCC(C)CCCC(C)CCCC(C)CCCC(C)CCCC(C)CCCC(C)CCCC(C)CCCC(C)CCCC(C)CCCC(C)CCCC(C)CCCC(C)CCCC(C)CCCC(C)CCCC(C)CCCC(C)CCCC(C)CCCC(C)CCCC(C)CCCC(C)CCCC(C)CCCC(C)CCCC(C)CCCC(C)CCCC(C)CCCC(C)CCCC(C)CCCC(C)CCCC(C)CCCC(C)CCCC(C)CCCC(C)CCCC(C)CCCC(C)CCCC(C)CCCC(C)CCCC(C)CCCC(C)CCCC(C)CCCC(C)CCCC(C)CCCC(C)CCCC(C)CCCC(C)CCCC(C)CCCC(C)CCCC(C)CCCC(C)CCCC(C)CCCC(C)CCCC(C)CCCC(C)CCCC(C)CCCC(C)CCCC(C)CCCC(C)CCCC(C)CCCC(C)CCCC(C)CCCC(C)CCCC(C)CCCC(C)CCCC(C)CCCC(C)CCCC(C)CCCC(C)CCCC(C)CCCC(C)CCCC(C)CCCC(C)CCCC(C)CCCC(C)CCCC(C)CCCC(C)CCCC(C)CCCC(C)CCCC(C)CCCC(C)CCCC(C)CCCC(C)CCCC(C)CCCC(C)CCCC(C)CCCC(C)CCCC(C)CCCC(C)CCCC(C)CCCC(C)CCCC(C)CCCC(C)CCCC(C)CCCC(C)CCCC(C)CCCC(C)CCCC(C)CCCC(C)CCCC(C)CCCC(C)CCCC(C)CCCC(C)CCCC(C)CCCC(C)CCCC(C)CCCC(C)CCCC(C)CCCC(C)CCCC(C)CCCC(C)CCCC(C)CCCC(C)CCCC(C)CCCC(C)CCCC(C)CCCC(C)CCCC(C)CCCC(C)CCCC(C)CCCC(C)CCCC(C)CCCC(C)CCCC(C)CCCC(C)CCCC(C)CCCC(C)CCCC(C)CCCC(C)CCCC(C)CCCC(C)CCCC(C)CCCC(C)CCCC(C)CCCC(C)CCCC(C)CCCC(C)CCCC(C)CCCC(C)CCCC(C)CCCC(C)CCCC(C)CCCC(C)CCCC(C
CC(C(C(C(C(C(O)O)O)O)O)O)OP(=O)(O)O^-C(=O)NCC(=O)OCC(=O)O[C@H]1[C@@H]([C@H]([C@@H]([C@H]([C@H]([C@H]([C@H]1O)O)O)O)O)O)N
CC(=O)N[C@H]1[C@H]([C@H]([C@H]([C@H]([C@H]1O)O)O)O)C(=O)O[C@H]1[C@H]([C@H]([C@H]([C@H]([C@H]1O)O)O)O)C(=O)O[C@H]1[C@H]([C@H]([C@H]([C@H]([C@H]1O)O)O)O)C(=O)O[C@H]1[C@H]([C@H]([C@H]([C@H]([C@H]1O)O)O)O)C(=O)O[C@H]1[C@H]([C@H]([C@H]([C@H]([C@H]1O)O)O)O)C(=O)O[C@H]1[C@H]([C@H]([C@H]([C@H]([C@H]1O)O)O)O)C(=O)O[C@H]1[C@H]([C@H]([C@H]([C@H]([C@H]1O)O)O)O)C(=O)O[C@H]1[C@H]([C@H]([C@H]([C@H]([C@H]1O)O)O)O)C(=O)O[C@H]1[C@H]([C@H]([C@H]([C@H]([C@H]1O)O)O)O)C(=O)O[C@H]1[C@H]([C@H]([C@H]([C@H]([C@H]1O)O)O)O)C(=O)O[C@H]1[C@H]([C@H]([C@H]([C@H]([C@H]1O)O)O)O)C(=O)O[C@H]1[C@H]([C@H]([C@H]([C@H]([C@H]1O)O)
CC1=C2C(C(=O)N(C)C(=O)C3=C(C(=O)C4=C(C(=O)C5=C(C(=O)C6=C(C(=O)C7=C(C(=O)C8=C(C(=O)C9=C(C(=O)C1)C(=O)C2)C(=O)C3)C(=O)C4)C(=O)C5)C(=O)C6)C(=O)C7)C(=O)C8)C(=O)C9)C(=O)C)C(=O)C)C(=O)C)C(=O)C)C(=O)C)C(=O)C)C(=O)C)C(=O)C)C(=O)C)C(=O)C)C(=O)C)C(=O)C)C(=O)C)C(=O)C)C(=O)C)C(=O)C)C(=O)C)C(=O)C)C(=O)C)C(=O)C)C(=O)C)C(=O)C)C(=O)C)C(=O)C)C(=O)C)C(=O)C)C(=O)C)C(=O)C)C(=O)C)C(=O)C)C(=O)C)C(=O)C)C(=O)C)C(=O)C)C(=O)C)C(=O)C)C(=O)C)C(=O)C)C(=O)C)C(=O)C)C(=O)C)C(=O)C)C(=O)C)C(=O)C)C(=O)C)C(=O)C)C(=O)C)C(=O)C)C(=O)C)C(=O)C)C(=O)C)C(=O)C)C(=O)C)C(=O)C)C(=O)C)C(=O)C)C(=O)C)C(=O)C)C(=O)C)C(=O)C)C(=O)C)C(=O)C)C(=O)C)C(=O)C)C(=O)
C[C@@H]([C@H]([C@H]([C@H]([C@H](C(=O)O)O)O)O)O)O
[CH2]2S(=O)(=O)C([H])(@)O
CC(C(C(O)O)O)CC(CCC(CCC(CCC(CCC(CCC(CCC(CCC(CCC(CCC(CCC(CCC(CCC(CCC(CCC(CCC(CCC(CCC(CCC(CCC(CCC(CCC(CCC(CCC(CCC(CCC(CCC(CCC(CCC(CCC(CCC(CCC(CCC(CCC(CCC(CCC(CCC(CCC(CCC(CCC(CCC(CCC(CCC(CCC(CCC(CCC(CCC(CCC(CCC(CCC(CCC(CCC(CCC(CCC(CCC(CCC(CCC(CCC(CCC(CCC(CCC(CCC(CCC(CCC(CCC(CCC(CCC(CCC(CCC(CCC(CCC(CCC(CCC(CCC(CCC(CCC(CCC(CCC(CCC(CCC(CCC(CCC(CCC(CCC(CCC(CCC(CCC(CCC(CCC(CCC(CCC(CCC(CCC(CCC(CCC(CCC(CCC(CCC(CCC(CCC(CCC(CCC(CCC(CCC(CCC(CCC(CCC(CCC(CCC(CCC(CCC(CCC(CCC(CCC(CCC(CCC(CCC(CCC(CCC(CCC(CCC(CCC(CCC(CCC(CCC(CCC(CCC(CCC(CCC(CCC(CCC(CCC(CCC(CCC(CCC(CCC(CCC(CCC(CCC(CCC(CCC(CCC(CCC(CCC(CCC(CCC(CCC(CCC(CCC(CCC(CCC(CCC(CCC(CCC(CCC(CCC(CCC(CCC(CCC(CCC(CCC(CCC(CCC(CCC(CCC(CCC(CCC(CCC(CCC(CCC(CCC(CCC(CCC(CCC(CCC(CCC(CCC(CCC(CCC(CCC(CCC(CCC(CCC(CCC(CCC(CCC(CCC(CCC(CCC(CCC(CCC(CCC(CCC(CCC(CCC(CCC(CCC(CCC(CCC(CCC(CCC(CCC(CCC(CCC(CCC(CCC(CCC(CCC(CCC(CCC(CCC(CCC(CCC(CCC(CCC(CCC(CCC(CCC(CCC(CCC(CCC(CCC(CCC(CCC(CCC(CCC(CCC(CCC(CCC(CCC(CCC(CCC(CCC(CCC(CCC(CCC(CCC(CCC(CCC(CCC(CCC(CCC(CCC(CCC(CCC(CCC(CCC(CCC(CCC(CCC(CCC(CCC
CC1=C(C(=O)C2(C(=O)C3(C(=C(C(=O)C3(C)C2)C)C)C)C)C(=O)O)C(=O)C1
CC(C(=O)N)C1CN(C)CCC1
CCCCCCCCCCCCCCCCC(=O)N
C1=CC(=O)C2=C(C=C(C=C2)OC)C1(O)C3=CC(=O)C(C(=O)C3)C4=CC=C(C(C(=O)C4)OC)OOC5=C6C=CC(=C6)C(=O)N7C(C(C(C(O7)C(C(C(O5)O)O)O)O)O)O)C8=CC=C(C=C8)C(=O)O
c1ccc2c(c3c(cccc3N=Nc4ccc(cc4S(=O)(=O)O)N)C(=O)N)C(=O)N)S(=O)(=O)O)c2cc1O
CC1(C)C2(C)C3(C)C4(C)C5(C)C6(C)C7(C)C8(C)C9(C)C10(C)C11(C)C12(C)C13(C)C14(C)C15(C)C16(C)C17(C)C(=O)C(C)C(C)C(C)C(C)C(C)C(C)C(C)C(C)C(C)C(C)C(C)C(C)C(C)C(C)C(C)C(C)C(C)C(C)C(C)C(C)C(C)C(C)C(C)C(C)C(C)C(C)C(C)C(C)C(C)C(C)C(C)C(C)C(C)C(C)C(C)C(C)C(C)C(C)C(C)C(C)C(C)C(C)C(C)C(C)C(C)C(C)C(C)C(C)C(C)C(C)C(C)C(C)C(C)C(C)C(C)C(C)C(C)C(C)C(C)C(C)C(C)C(C)C(C)C(C)C(C)C(C)C(C)C(C)C(C)C(C)C(C)C(C)C(C)C(C)C(C)C(C)C(C)C(C)C(C)C(C)C(C)C(C)C(C)C(C)C(C)C(C)C(C)C(C)C(C)C(C)C(C)C(C)C(C)C(C)C(C)C(C)C(C)C(C)C(C)C(C)C(C)C(C)C(C)C(C)C(C)C(C)C(C)C(C)C(C)C(C)C(C)C(C)C(C)C(C)C(C)C(C)C(C)C(C)C(C)C(C)C(C)C(C)C(C)C(C)C(C)C(C)C(C)C(C)C(C)C(C)C(C)C(C)C(C)C(C)C(C)C(C)C(C)C(C)C(C)C(C)C(C)C(C)C(C)C(C)C(C)C(C)C(C
C(C(=O)OCC(=O)CC)CO
C(=O)C1CCC2(C(=O)C3CCC4(C(=O)C5CC(F)CC5(C)C4)C3)C2O)C1
[C@H](c1ccccc1)C(C(=O)O)N(C(=O)[NH3])C
C1=CC=C(C=C1)C2=CC=CC=C2C3=C(C=C(C=C3)C4=C(C=C(C=C4)S(=O)(=O)O)S(=O)(=O)Br)O
C1=CC(=O)C2=C(C=C(C(=O)C3=C(C=C(C(=O)C1=O)O)O)O)C(=O)C3=O)OC1C(O)C(O)C(O)C(O)C1OC1C(O)[C@H]2O[C@H]3O[C@H]4O[C@H]5O[C@H]6O[C@H]6O[C@H]5O[C@H]4O[C@H]3O[C@H]2C1=O
c1ccc(Cl)cc1N=NN/C1CC(C)CC1=1,3-thiazol
C1CC(=O)N([H])(C(=O)C1)c2ccccc2
CC1=CC(=O)C=C1CNCCOP(=O)(O)OP(=O)(O)OC
CC(C(CO)O)OCCCCCCC(=CC=CC=CC=CC=CC=CC=CC=CC=CC=CC=CC=CC=CC=CC=CC=CC=CC=CC=CC=CC=CC=CC=CC=CC=CC=CC=CC=CC=CC=CC=CC=CC=CC=CC=CC=CC=CC=CC=CC=CC=CC=CC=CC=CC=CC=CC=CC=CC=CC=CC=CC=CC=CC=CC=CC=CC=CC=CC=CC=CC=CC=CC=CC=CC=CC=CC=CC=CC=CC=CC=CC=CC=CC=CC=CC=CC=CC=CC=CC=CC=CC=CC=CC=CC=CC=CC=CC=CC=CC=CC=CC=CC=CC=CC=CC=CC=CC=CC=CC=CC=CC=CC=CC=CC=CC=CC=CC=CC=CC=CC=CC=CC=CC=CC=CC=CC=CC=CC=CC=CC=CC=CC=CC=CC=CC=CC=CC=CC=CC=CC=CC=CC=CC=CC=CC=CC=CC=CC=CC=CC=CC=CC=CC=CC=CC=CC=CC=CC=CC=CC=CC=CC=CC=CC=CC=CC=CC=CC=CC=CC=CC=CC=CC=CC=CC=CC=CC=CC=CC=CC=CC=CC=CC=CC=CC=CC=CC=CC=CC=CC=CC=CC=CC=CC=CC=CC=CC=CC=CC=CC=CC=CC=CC=CC=CC=CC=CC=CC=CC=CC=CC=CC=CC=CC=CC=CC=CC=CC=CC=CC=CC=CC=CC=CC=CC=CC=CC=CC=CC=CC=CC=CC=CC=CC=CC=CC=CC=CC=CC=CC=CC=CC=CC=CC=CC=CC=CC=CC=CC=CC=CC=CC=CC=CC=CC=CC=CC=CC=CC=CC=CC
CC[C@H](C)C1=CC=CC(=C1)N(C(C)(C)C)C(=O)OC(C1=CC=C(C=C(C=C1)C(=O)O)O)O
C(C(C(C(C(C(=O)O)O)O)O)O)C(=O)O)N(C)C(=O)N[C@H]1[C@@H]([C@H]([C@@H]([C@H](O1)O)O)O)O)O[S]([O-])(=O)=O@C(=O)O[C@H]2[C@@H]([C@H]([C@@H]([C@H](O2)O)O)O)O)N(C)C(=O)N
CC1=CC2=C(C=C(C=C2)C(=O)N1)C3=CC(=O)C4=C3C(=O)C5=C(C=C(C=C5)C(=O)N4)C6=C(C=C(C=C6)C(=O)N2)C7=C(C=C(C=C7)C(=O)N1)C(=S)NBrC(=O)C(=O)C(=O)C(=O)C(=O)C(=O)C(=O)C(=O)C(=O)C(=O)C(=O)C(=O)C(=O)C(=O)C(=O)C(=O)C(=O)C(=O)C(=O)C(=O)C(=O)C(=O)C(=O)C(=O)C(=O)C(=O)C(=O)C(=O)C(=O)C(=O)C(=O)C(=O)C(=O)C(=O)C(=O)C(=O)C(=O)C(=O)C(=O)C(=O)C(=O)C(=O)C(=O)C(=O)C(=O)C(=O)C(=O)C(=O)C(=O)C(=O)C(=O)C(=O)C(=O)C(=O)C(=O)C(=O)C(=O)C(=O)C(=O)C(=O)C(=O)C(=O)C(=O)C(=O)C(=O)C(=O)C(=O)C(=O)C(=O)C(=O)C(=O)C(=O)C(=O)C(=O)C(=O)C(=O)C(=O)C(=O)C(=O)C(=O)C(=O)C(=O)C(=O)C(=O)C(=O)C(=O)C(=O)C(=O)C(=O)C(=O)C(=O)C(=O)C(=O)C(=O)C(=O)C(=O)C(=O)C(=O)C(=O)C(=O)C(=O)C(=O)C(=O)C(=O)C(=O)C(=O)
CC(=O)N1C(C(C(C(C(C1O)O)O)O)O)C(=O)O^-OP(=O)(O)O^(-)
CC(C(C(C(C(C(C(C(C(C(C(C(C(C(C(C(C(C(C(C(C(C(C(C(C(C(C(C(C(C(C(C(C(C(C(C(C(C(C(C(C(C(C(C(C(C(C(C(C(C(C(C(C(C(C(C(C(C(C(C(C(C(C(C(C(C(C(C(C(C(C(C(C(C(C(C(C(C(C(C(C(C(C(C(C(C(C(C(C(C(C(C(C(C(C(C(C(C(C(C(C(C(C(C(C(C(C(C(C(C(C(C(C(C(C(C(C(C(C(C(C(C(C(C(C(C(C(C(C(C(C(C(C(C(C(C(C(C(C(C(C(C(C(C(C(C(C(C(C(C(C(C(C(C(C(C(C(C(C(C(C(C(C(C(C(C(C(C(C(C(C(C(C(C(C(C(C(C(C(C(C(C(C(C(C(C(C(C(C(C(C(C(C(C(C(C(C(C(C(C(C(C(C(C(C(C(C(C(C(C(C(C(C(C(C(C(C(C(C(C(C(C(C(C(C(C(C(C(C(C(C(C(C(C(C(C(C(C(C(C(C(C(C(C(C(C(C(C(C(C(C(C(C(C(C(C(C(C(C(C(C(C(C(C(C(C(C(C(C(C(C(C(C(C(C(C(C(C(C(C(C(C(C(C(C(C(C(C(C(C(C(C(C(C(C(C(C(C(C(C(C(C(C(C(C(C(C(C(C(C(C(C(C(C(C(C(C(C(C(C(C(C(C(C(C(C(C(C(C(C(C(C(C(C(C(C(C(C(C(C(C(C(C(C(C(C(C(C(C(C(C(C(C(C(C(C(C(C(C(C(C(C(C(C(C(C(C(C(C(C(C(C(C(C(C(C(C(C(C(C(C(C(C(C(C(C(C(C(C(C(C(C(C(C(C(C(C(C(C(C(C(C(C(C(C(C(C(C(C(C(C(C(C(C(C(C(C(C(C(C(C(C(C(C(C(C(C(C(C(C(C(C(C(C(C(C(C(C(C(C(C(C(C(C(C(C(C(C(C(C(C(C(C(C(C(C(C(C(C(C(C(C(C(C(C(C(C(C(C(C(C(C(C(C(C(C(C(C(C(C(C(C(C(C(C(C(C(C(C(C(C(C(C(C(C(C(C(C(C(C(C(C(C(C(C(C(C(C(C(C(C(C
CCCCCCCCC(=O)C(C=CC=C)C(C=CC)C-CC(=O)N1C(=O)N(C(=O)N1C(=O)O)C(=O)O
C1=CC(=O)C2=C(C(=O)C(=C3C(=O)C(=C(C(=O)C(=C(C(=O)C(=C3)C2=C1)OC)OC)O)C)C(=O)OCC(=O)O
CCCCCCCCCCCCCCCCC(=O)OCC(CCCCCCCCCCCC)C
[C(=O)(N)CC(=O)O]C(=O)[C@@H4]1CN(C)CC(N)C1=O
C(C)CCCC(C)C(O)C
CC(=O)N[C@@H](CCC(=O)N)C(=O)O-
c1ccc2c(cc1)C(=O)Nc3c2cccc3C(F)(F)FCC(C(=O)Nc4ccc(cc4)C(F)(F)F)C5CCCCN5CCO
c1ccc2c(cc1)C(=O)Nc2C7C(=O)O
C(C(=O)N)CC(=O)N(C(=O)N(C)C(=O)N)
OC(=O)[C@](O)(O)C(=O)O
C1CCCOC(C(C)CC)C(C)C1
c1ccc2c(cc1)C(=O)C3=CC=CC=C3Nc4ccc(cc4)N2S(=O)(=O)=O
Be[O=S(=O)(O)=O]H2OH2OH2OH2
C(C([O-])=O)O
C1=CC=C2C(=O)N(C(=O)C2=C1
CC1=CC=C(C(C(=O)[O-])N)C(=O)N1CC(C)C[NH3+]
CC(=O)(C(=O)C(=C)C(C)C)CCCCCCCCCCCCCCCCCOC1C(O)C(O)C(O)C(O)C1O
CC(=O)C#CCC(=O)C
c1ccc(cc1)C(C(C(=O)O-)C(C)C)C(C)C
C\C=C\C=C\C=C\C=C\C(=O)C(O)C(=O)O
CC(C(=O)O)C(C(=O)N)C1=CC(=C(C)N)C=C1
CC(=O)O[C@H]1[C@H]([C@H]([C@@H]([C@H]([C@H](O1)N)OC[C@H]1OC(O)[C@H](O)[C@H]1O)O)O)NOC[C@H]1OC(O)[C@H](O)[C@H]1O
CC(C)CC(C(=O)O)CC(C)C1@C2(C(C(C(C(O)C2)C)C)C)C1
CC(=O)N[C@H]1C(=O)N[C@H]1C(=O)N[C@H]2C(=O)N[C@H]2C(=O)N[C@H]3C(=O)N[C@H]3C(=O)N[C@H]4C(=O)N[C@H]4C(=O)N[C@H]5C(=O)N[C@H]5C(=O)N[C@H]6C(=O)N[C@H]6C(=O)N[C@H]7C(=O)N[C@H]7C(=O)N[C@H]8C(=O)N[C@H]8C(=O)N[C@H]9C(=O)N[C@H]9C(=O)N[C@H]10C(=O)N[C@H]10C(=O)N[C@H]11C(=O)N[C@H]11C(=O)N[C@H]12C(=O)N[C@H]12C(=O)N[C@H]13C(=O)N[C@H]13C(=O)N[C@H]14C(=O)N[C@H]14C(=O)N[C@H]15C(=O)N[C@H]15C(=O)N[C@H]16C(=O)N[C@H]16C(=O)N[C@H]17C(=O)N[C@H]17C(=O)N[C@H]18C(=O)N[C@H]18C(=O)N[C@H]19C(=O)N[C@H]19C(=O)N[C@H]20C(=O)N[C@H]20C(=O)N[C@H]21C(=O)N[C@H]21C(=O)N[C@H]22C(=O)N[C@H]22C(=O)N[C@H]23C(=O)N[C@H]23C(=O)N[C@H]24C(=O)N[C@H]24C(=O)N[C@H]25C(=O)N[C@H]25C(=O)N[C@H]26C(=
C(C1C(C(C(C(O1)O)O)O)O)C(=O)N2C(C(C(C(O2)O)O)O)O)C(C1C(C(C(C(O1)O)O)O)O)C(=O)N2C(C(C(C(O2)O)O)O)O)C(C1C(C(C(C(O1)O)O)O)O)C(=O)N2C(C(C(C(O2)O)O)O)O)C(C1C(C(C(C(O1)O)O)O)O)C(=O)N2C(C(C(C(O2)O)O)O)O)C(C1C(C(C(C(O1)O)O)O)O)C(=O)N2C(C(C(C(O2)O)O)O)O)C(C1C(C(C(C(O1)O)O)O)O)C(=O)N2C(C(C(C(O2)O)O)O)O)C(C1C(C(C(C(O1)O)O)O)O)C(C(C1C(C(C(C(O1)O)O)O)O)O)C
C(=O)(N)Nc1c(cc2ccccc2N=Nc3ccccc3C(C)(C)C1C)Cc1ccc(cc1)Cl
[C@H](C1=O)[C@H]([C@H]([C@H]([C@H]([C@H]([C@H]1O)O)O)O)O)O)C(=O)N[C@H](C1=O)[C@H]([C@H]([C@H]([C@H]([C@H]([C@H]1O)O)O)O)O)C(=O)N)C(=O)N[C@H](C1=O)[C@H]([C@H]([C@H]([C@H]([C@H]([C@H]1O)O)O)O)O)C(=O)N[C@H](C1=O)[C@H]1[C@H]([C@H]([C@H]([C@H]([C@H]([C@H]1O)O)O)O)O)C(=O)N)C(=O)N[C@H]1[C@H]([C@H]([C@H]([C@H]([C@H]([C@H]1O)O)O)O)O)C(=O)N[C@H](C1=O)[C@H]([C@H]([C@H]([C@H]([C@H]([C@H]1O)O)O)O)O)C(=O)N[C@H](C1=O)[C@H]([C@H]([C@H]([C@H]([C@H]([C@H]1O)O)O)O)O)C(=O)N)C(=O)N[C@H](C1=O)[C@H]([C@H]([C@H]([C@H]([C@H]([C@H]1O)O)O)O)O)C(=O)N[C@H](C1=O)[C@H]([C@H]([C@H]([C@H]([C@H]([C@H]1O)O)O)O)O)C(=O)N)C(=O)
C1@TH1C2C3C4C5C6N(C7C8C9C1)O1O6O7O8@TH2@TH3@TH4@TH5
CC1=C(C(C(C(C(C1(C(=O)O)O)O)O)O)C(=O)O)C(=O)O
CC(CCCCCCCC)C(=O)[C@H]1[C@@H]([C@@H]([C@H]([C@H]([C@H]([C@H](O1)O)O)O)O)O)O
[Fe3+](C(=O)NCC(=O)NCC(=O)NCC(=O)NCC(=O)NCC(=O)N)C(=O)NCC(=O)NCC(=O)NCC(=O)NCC(=O)NCC(=O)NCC(=O)NCC(=O)NCC(=O)NCC(=O)NCC(=O)NCC(=O)NCC(=O)NCC(=O)NCC(=O)NCC(=O)NCC(=O)NCC(=O)NCC(=O)NCC(=O)N
C1=CC(=O)[O-]CC(=O)[O-]C(=O)[O-]C1
CCCCCCCCC1I
CC(C(C(C(C(C(C(C(C(C(C(=O)N)O)O)O)O)C)C)C)C)C(=O)N>>C1C(O)C(O)C(O)C(O)C(O)C1=O)CCCCCCCCCCCCCCCCCCCC(=O)O
C1=CC=CC(=O)N1C(=O)N2C(=O)N(C(=O)C2)C(=O)N3C(=O)N(C(=O)C3)C(=O)N4C(=O)N(C(=O)C4)C(=O)N5C(=O)N(C(=O)C5)C(=O)N6C(=O)N(C(=O)C6)C(=O)N7C(=O)N(C(=O)C7)C(=O)N8C(=O)N(C(=O)C8)C(=O)N9C(=O)N(C(=O)C9)C(=O)N10C(=O)N(C(=O)C10)C(=O)N11C(=O)N(C(=O)C11)C(=O)N12C(=O)N(C(=O)C12)C(=O)N13C(=O)N(C(=O)C13)C(=O)N14C(=O)N(C(=O)C14)C(=O)N15C(=O)N(C(=O)C15)C(=O)N16C(=O)N(C(=O)C16)C(=O)N17C(=O)N(C(=O)C17)C(=O)N18C(=O)N(C(=O)C18)C(=O)N19C(=O)N(C(=O)C19)C(=O)N20C(=O)N(C(=O)C20)C(=O)N21C(=O)N(C(=O)C21)C(=O)N22C(=O)N(C(=O)C22)C(=O)N23C(=O)N(C(=O)C23)C(=O)N24C(=O)N(C(=O)C24)C(=O)N(C(=O)C(=O)N(C(=O)C(=O)N(C(=O)C(=O)N(C(=O)C(=O)N(C(=O)C(=O)N(C(=O)C(=O)N(C(=O)C(=O)N(C(=O)C(=O)N(C(=O)C(=O)N(C
C1=CC(C=C(C=C1)N(=O)=O)OAs(=O)(O)
c1ccc(cc1)C1=NN=CC(=NN1)c1ccc(cc1)Cl
CC1=CC(=O)C2=CC(=O)N(C)C(=O)C2=C1CC(=O)(=O)S(=O)(=O)C1=CC(=C(C=C1)OC)OC(=C(C)C)C
CC(C(=O)O)C(C(=O)O)COP(=O)(O)OCCCCCCCCCCCCC(=O)OCCCCCCCCCCCCCCCC(=O)O
C1=CC(=O)C2(C(=O)O)C3(C(=O)C4(C(=O)C5(C(=O)C1)C2)C3)C4)C5
CC[N+](C)CC(=O)N1CCCC1OC(=O)OCCCC(=O)O[C@H](C)CCC/C=C/C/C(=O)OCCCCCCCCCCCC(=O)O
CCCCCCCCC(=O)OCC(C)C
C1=NC2=C(N1C3=C(N2N(C3OP(=O)(O)O)C)C)N[C@H](N)C(=O)N[C@H](C(=O)N[C@H](C(=O)N[C@H](C(=O)N[C@H]C(=O)N)C(=O)N)C(=O)N)C(=O)N
CC(C(C(=O)N)O)C(COP(=O)(O)O)OC(C(C(C(C(C(C(C(C(C(C(C(C(C(C(C(C(C(C(C(C(C(C(C(C(C(C(C(C(C(C(C(C(C(C(C(C(C(C(C(C(C(C(C(C(C(C(C(C(C(C(C(C(C(C(C(C(C(C(C(C(C(C(C(C(C(C(C(C(C(C(C(C(C(C(C(C(C(C(C(C(C(C(C(C(C(C(C(C(C(C(C(C(C(C(C(C(C(C(C(C(C(C(C(C(C(C(C(C(C(C(C(C(C(C(C(C(C(C(C(C(C(C(C(C(C(C(C(C(C(C(C(C(C(C(C(C(C(C(C(C(C(C(C(C(C(C(C(C(C(C(C(C(C(C(C(C(C(C(C(C(C(C(C(C(C(C(C(C(C(C(C(C(C(C(C(C(C(C(C(C(C(C(C(C(C(C(C(C(C(C(C(C(C(C(C(C(C(C(C(C(C(C(C(C(C(C(C(C(C(C(C(C(C(C(C(C(C(C(C(C(C(C(C(C(C(C(C(C(C(C(C(C(C(C(C(C(C(C(C(C(C(C(C(C(C(C(C(C(C(C(C(C(C(C(C(C(C(C(C(C(C(C(C(C(C(C(C(C(C(C(C(C(C(C(C(C(C(C(C(C(C(C(C(C(C(C(C(C(C(C(C(C(C(C(C(C(C(C(C(C(C(C(C(C(C(C(C(C(C(C(C(C(C(C(C(C(C(C(C(C(C(C(C(C(C(C(C(C(C(C(C(C(C(C(C(C(C(C(C(C(C(C(C(C(C(C(C(C(C(C(C(C(C(C(C(C(C(C(C(C(C(C(C(C(C(C(C(C(C(C(C(C(C(C(C(C(C(C(C(C(C(C(C(C(C(C(C(C(C(C(C(C(C(C(C(C(C(C(C(C(C(C(C(C(C(C(C(C(C(C(C(C(C(C(C(C(C(C(C(C(C(C(C(C(C(C(C(C(C(C(C(C(C(C(C(C(C(C(C(C(C(C(C(C(C(C(C(C(C(C(C(C(C(C(C(C(C(C(C(C(C(C(C(C(C(C(C(C(C(C(C(C(C(C(C(C(C(C(C(C(C(C(C(C(C(C(C(C(C(C(C
CC(=O)N(C(=O)C(C(=O)N)C(O)C(=O)
C1CCN(C(C(=O)C2=CC=C(C=C2)F)C1)C(=O)O+
c1cc2c(cc1)cnccc2CC(=C)C(C)CCC(=O)N3C(=O)CC3Nc4ccccc4C
C(C1C(C(C(C(O1)O)O)O)O)C([C@H]1[C@H]([C@@H]([C@H]([C@H](O1)O)O)O)O)O)C1OC(C(C(C(O1)O)O)O)O
[NH3][C@@H](N)H C(C(=O)N[C@H](C(C(=O)O)N)C(=O)O)C(=O)O
CC(=O)[NH3+][C@H]([H])(C)C(=O)O[C@H]([H])(C)C1=CC=CC=C1OC
C(C(C(=O)O)O)C(CCCCCCCCCCCCCC(=O)O)C(=O)[OH]P(=O)(O)[O-]
C(CCC(C\C=C\C=C\CC(=O)O)C\C=C\CC(=O)O)O
CC(C(C(C(C(C(=O)O)O)O)O)O)C1=O)C(C(C(C(C(C(=O)O)O)O)O)O)O)C1=O
CC1=CC(=C(C(=C1)C(=O)O)OC)C(=O)O[C@H]1OC(O)C(O)C(O)C(O)C1O
[C@H](C(=O)=O)N(C)C(C)C(=O)O-
CC(C(C(=O)NCC(=O)N)O)O[C@H]1[C@@H](O)[C@@H](O)[C@H](O)[C@H]1O[C@H]2[C@@H](O)[C@@H](O)[C@H](O)[C@H]2O[C@H]3[C@@H](O)[C@@H](O)[C@H](O)[C@H]3O[C@H]4[C@@H](O)[C@@H](O)[C@H](O)[C@H]4O[C@H]5[C@@H](O)[C@@H](O)[C@H](O)[C@H]5O[C@H]6[C@@H](O)[C@@H](O)[C@H](O)[C@H]6O[C@H]7[C@@H](O)[C@@H](O)[C@H](O)[C@H]7O[C@H]8[C@@H](O)[C@@H](O)[C@H](O)[C@H]8O[C@H]9[C@@H](O)[C@@H](O)[C@H](O)[C@H]9O[C@H]10[C@@H](O)[C@@H](O)[C@H](O)[C@H]10O[C@H]11[C@@H](O)[C@@H](O)[C@H](O)[C@H]11O[C@H]12[C@@H](O)[C@@H](O)[C@H](O)[C@H]12O[C@H]13[C@@H](O)[C@@H](O)[C@H](O)[C@H]13O[C@H]14[C@@H](O)[C@@H](O)[C@H](O)[C@H]14O[C@H]15[C@@H](O)[C@@H](O)[C@H](O)[C@H]15O[C@H]16[C@@H](O)[C@@H](O)[C@H](O)[C@H]16O[C@H]17[C@@H](O)[C@@H](O)[C@H](O)[C@H]17O[P@@H
NH4+CF3COO-
C1=CC(=CC(=C1)CC(=O)NCCS)C(=S)NCCS
CC1=CC=CC=C1C(=O)NCC(=O)NCC(=O)NCC(=O)NCC(=O)NCC(=O)NCC(=O)NCC(=O)NCC(=O)NCC(=O)NCC(=O)NCC(=O)NCC(=O)NCC(=O)NCC(=O)NCC(=O)NCC(=O)NCC(=O)NCC(=O)NCC(=O)NCC(=O)NCC(=O)NCC(=O)NCC(=O)NCC(=O)NCC(=O)NCC(=O)NCC(=O)NCC(=O)NCC(=O)NCC(=O)NCC(=O)NCC(=O)NCC(=O)NCC(=O)NCC(=O)NCC(=O)NCC(=O)NCC(=O)NCC(=O)NCC(=O)NCC(=O)NCC(=O)NCC(=O)NCC(=O)NCC(=O)NCC(=O)NCC(=O)NCC(=O)NCC(=O)NCC(=O)NCC(=O)NCC(=O)NCC(=O)NCC(=O)NCC(=O)NCC(=O)NCC(=O)NCC(=O)NCC(=O)NCC(=O)NCC(=O)NCC(=O)NCC(=O)NCC(=O)NCC(=O)NCC(=O)NCC(=O)NCC(=O)NCC(=O)NCC(=O)NCC(=O)NCC(=O)NCC(=O)NCC(=O)NCC(=O)NCC(=O)NCC(=O)NCC(=O)NCC(=O)NCC(=O)NCC(=O)NCC(=O)NCC(=O)NCC(=O)NCC(=O)NCC(=O)NCC(=O)NCC(=O)NCC(=O)NCC(=O)NCC(=O)NCC(=O)NCC(=O)NCC(=O)NCC(=O)NCC(=O)NCC(=O)NCC(=O)NCC(=O)NCC(=O)
CCCCCCCC(C(C)C)COC(=O)S(=O)(=O)[O-]H
CC1(C)C2(C)C3(C)C4(C)C5(C(=O)O)C6(C)C(C(=O)O)C(C)C(C)C(C)C(C)C(C)C1=C2C3=C4C=C5OC
C1([CH2OH]([CH2OP(=O)(O)=O])([CH2OH])([CH2OP(=O)(O)=O])([CH2OP(=O)(O)=O])C1P(=O)(O)OP(=O)(O)=O
CN1=CC(=C(N=C1)C)c1ccc2c(N3c2ccc(N3)cc1)c1ccccc1
CC1=C(C=C(C=C2C(=O)C3=C(C(=O)C4=C(C(=O)C5=C(C(=O)C6=C(C(=O)C(=C7C(=O)C8=C(C(=O)C9=C(C(=O)C(=C1C(=O)C2=C3)O)O)O)O)O)O)O)O)O)O)O)O)O)O)O)O)O)O)O)O)O)O)O)O)O)O)O)O)O)O)O)O)O)O)O)O)O)O)O)O)O)O)O)O)O)O)O)O)O)O)O)O)O)O)O)O)O)O)O)O)O)O)O)O)O)O)O)O)O)O)O)O)O)O)O)O)O)O)O)O)O)O)O)O)O)O)O)O)O)O)O)O)O)O)O)O)O)O)O)O)O)O)O)O)O)O)O)O)O)O)O)O)O)O)O)O)O)O)O)O)O)O)O)O)O)O)O)O)O)O)O)O)O)O)O)O)O)O)O)O)O)O)O)O)O)O)O)O)O)O)O)O)O)O)O)O)O)O)O)O)O)O)O)O)O)O)O)O)O)O)O)O)O)O)O)O)O)O)O)O)O)O)O)O)O)O)O)O)O)O)O)O)O)O)O)O)O)O)O)O)O)O)O)O)O)O)O)O)O)O)O)O)O)O)O)O)O)O)O
CS(=O)(=O)C1CN2CCCCC2c1=cc(cc1C(=O)(N)N)c1ccc(cc1OC(F)(F)F)F
CC(C(=O)O)P(=O)(O)O
C1=CC=CC2=C1C3C(=O)C(=O)C(=O)C3=CC4=C5C=CC(=C5)N6C(=C(C(=O)C6)C)C)C(=O)C2OC(=O)C(=O)C(=O)C3=CC4=C5C=CC(=C5)N6C(=C(C(=O)C6)C)C)C(=O)C2OC(=O)C(=O)C(=O)C3=CC4=C5C=CC(=C5)N6C(=C(C(=O)C6)C)C)C
CC(=O)OCCCC=CCC=CCC=CCCCCCC/C(=O)OCCCCCCCCC(=O)O
CC(=O)OC(=O)C=C[C(CO)O]C
CC1=CC(=O)N(C)C2=C3C=CC(=C3C2)C4=CC(=O)N(C)C5=C1C=CC(=C5)C6=C(C(=O)N(C)C7=C6C=CC(=C7)O)C
CCCC(=C)CCCC(=C)CCCC(=C)CCCC(=O)OH
CC[C@H](O)C[C@H](O)C[C@@H](O)C(=O)O
C1=CC(=C(C=C1)C2=CC(=C(C=C2)O)O)C1=CC(=C(C=C1)O)C([H])(O)O[C@H]1[C@@H](O)[C@H](O)[C@H](O)[C@H]1O
C1=CC(=O)C2=C(C(=O)O)C(=O)C(O)=C2O.O=C1C2=C(C=C(C=C2OC(=O)C3=CC(=O)C4=C(C(=O)O)C(=O)C(O)=C4O)O)C1=O
C1OC(C(C(C(C(C(=O)O)O)O)O)O)C1
