CC(=O)C1CCC2(C(=O)C3CCC4(C(=O)C5CCC(=O)CC5(C)C)C(=O)C(C)C3)C(=O)C2)C(=O)C(=O)C1C(=O)OC
C([C@H]1[C@H]([C@@H](O1)O)O)C(=O)O[C@H]2[C@H]([C@@H](O2)C(=O)N)OC3[C@H]([C@H]([C@@H](O3)O)O)C(=O)OC4[C@H]([C@H]([C@@H](O4)C(=O)N)O)C(=O)N
CC1=CC=C2C(=C1)C(=O)N2C3=CC=CC=C3OC[C@H]1[C@H]2[C@H]([C@H]([C@H]([C@H]([C@H]([C@H]2O)O)O)O)O)S(=O)(=O)=O
CC(C)N1CCC2=CC=CC=C2SC1=O
[h]1csc(=S)n1C.C1=CN=C(N=C1C)NCC(=O)COCCOP(=O)(O)O
C([H])(CO)C(C(C(C(C(=O)O)O)O)O)O
CC(C(CO)O)C/C=C/C/C/C/C/C/C/C/C/C/C/C/C/C/C/O=P(O)(O)OH
C1=CC=CC=C1C(=O)(O)O[As](O)(O)=O
C(=O)(CCCCCCCCCCCCC)C(=O)(CCCCCCCCCCC)
C1=CC(=O)C(=O)C2=C(C=C(C(=O)O)C(=C2)C)C=C1
CCCCCCCCCCCCC(C(=O)OP(=O)(O)O)O
CC(C(C(C(C(C(C(=O)N)O)O)O)O)O)C1=C(C(C(C(C(C1O)O)O)O)O)C(C(C(C(C(C(=O)N)O)O)O)O)C(C(C(C(C(C(=O)N)O)O)O)O)C(C(C(C(C(C(=O)N)O)O)O)O)C1=C(C(C(C(C(C1O)O)O)O)O)C(C(C(C(C(C(=O)N)O)O)O)O)O
CC(=O)Nc1ccc(ccc1)C(=O)O.CC(=O)Nc1ccc(ccc1)C(=O)O.[Na+].O.O
CC1(C(=O)C(Br)C(=O)N(C)C(=O)N(C)C(=O)O)C2(C(=O)N(C)C(=O)O)C(=O)N(C)C(=O)O
C1=CC(=O)C(=O)C(=C(C)C(=O)C=C1)O
CC1=C(C(=O)C2(C(C(C(C(C(C2(C)C)O)C(=O)C3(C(C(C(C(C3(C)C)O)C(=O)C4(C(C(C(C(C4(C)C)O)C(=O)C5(C(C(C(C(C5(C)C)O)C(=O)C6(C(C(C(C(C6(C)C)O)C(=O)C)C)C)C)C)C)C)C)C)C)C)C)C)C)C)C)C)C)C)C)C)C)C)C)C)C)C)C)C)C)C)C)C)C)C)C)C)C)C)C)C)C)C)C)C)C)C)C)C)C)C)C)C)C)C)C)C)C)C)C)C)C)C)C)C)C)C)C)C)C)C)C)C)C)C)C)C)C)C)C)C)C)C)C)C)C)C)C)C)C)C)C)C)C)C)C)C)C)C)C)C)C)C)C)C)C)C)C)C)C)C)C)C)C)C)C)C)C)C)C)C)C)C)C)C)C)C)C)C)C)C)C)C)C)C)C)C)C)C)C)C)C)C)C)C)C)C)C)C)C)C)C)C)C)C)C)C)C)C)C)C)C)C)C)C)C)C)C)C)C)C)C)C)C)C)C)C)C)C)C)C)C)C)C)C)C)C)C)C)C)C)C)C)C)C)C)C)C)C)C)C)C)C)C)C)C)C)
CC1(C)C2(C)C3(C)C4(C)C5(C)C6(C)C7(C)C8(C)C9(C)C1(C(=O)O)C2(C(=O)O)C3(C)C4(C)C5(C)C6(C)C7(C)C8(C)C9(C)C1(C)C2(C)C3(C)C4(C)C5(C)C6(C)C7(C)C8(C)C9(C)C1(C)C2(C)C3(C)C4(C)C5(C)C6(C)C7(C)C8(C)C9(C)C1(C)C2(C)C3(C)C4(C)C5(C)C6(C)C7(C)C8(C)C9(C)C1(C)C2(C)C3(C)C4(C)C5(C)C6(C)C7(C)C8(C)C9(C)C1(C)C2(C)C3(C)C4(C)C5(C)C6(C)C7(C)C8(C)C9(C)C1(C)C2(C)C3(C)C4(C)C5(C)C6(C)C7(C)C8(C)C9(C)C1(C)C2(C)C3(C)C4(C)C5(C)C6(C)C7(C)C8(C)C9(C)C1(C)C2(C)C3(C)C4(C)C5(C)C6(C)C7(C)C8(C)C9(C)C1(C)C2(C)C3(C)C4(C)C5(C)C6(C)C7(C)C8(C)C9(C)C1(C)C2(C)C3(C)C4(C)C5(C)C6(C)C7(C)C8(C)C9(C)C1(C)C2(C)C3(C)C4(C)C5(C)C6(C)C7(C)C8(C)C9(C)C1(C)C2(C)C3(C)C4(C)C5(C)C6(C)C7(C)C8(C)C9(C)
C(=O)NCCCCC
C1=CC=C(C=C1)C2=C3C(=O)N(C3=O)C4=C5C=CC(=C5N4)C6=C7C=CC(=C7N6)C8=CC=CC=C8.[N+](C)C
CC(C)CCCCC(C(C)C(C(=O)O)O)O
CCCCCCCCCCCCC(=O)OCC(COC(=O)CCCCCCCCCCCCC(=O)CCCCCC(=O)CCCCCC(=O)CCCCCC(=O)CCCCCC(=O)CCCCCC(=O)CCCCCC(=O)CCCCCC(=O)CCCCCC(=O)CCCCCC(=O)CCCCCC(=O)CCCCCC(=O)CCCCCC(=O)CCCCCC(=O)CCCCCC(=O)CCCCCC(=O)CCCCCC(=O)CCCCCC(=O)CCCCCC(=O)CCCCCC(=O)CCCCCC(=O)CCCCCC(=O)CCCCCC(=O)CCCCCC(=O)CCCCCC(=O)CCCCCC(=O)CCCCCC(=O)CCCCCC(=O)CCCCCC(=O)CCCCCC(=O)CCCCCC(=O)CCCCCC(=O)CCCCCC(=O)CCCCCC(=O)CCCCCC(=O)CCCCCC(=O)CCCCCC(=O)CCCCCC(=O)CCCCCC(=O)CCCCCC(=O)CCCCCC(=O)CCCCCC(=O)CCCCCC(=O)CCCCCC(=O)CCCCCC(=O)CCCCCC(=O)CCCCCC(=O)CCCCCC(=O)CCCCCC(=O)CCCCCC(=O)CCCCCC(=O)CCCCCC(=O)CCCCCC(=O)CCCCCC(=O)CCCCCC(=O)CCCCCC(=O)CCCCCC(=O)CCCCCC(=O)CCCCCC(=O)CCCCCC(=O)CCCCCC(=O)CCCCCC(=O)CCCCCC(=O)CCCCCC(=O)CCCCCC(=O)CCCCCC(=O)CCCCCC(=O)CCCCCC(=O)CCCCCC(=O)CCCCCC(=O)CCCCCC(=O)CCCCCC(=O)CCCCCC(=O)CCCCCC(=O)CCCCCC(=O)CCCCCC(=O)CCCCCC(=O)CCCCCC(=O)CCCCCC(=O)CCCCCC(=O)CCCCCC(=O)CCCCCC(=O)CCCCCC(=O)CCCCCC(=O)CCCCCC(=O)CCCCCC(=O)CCCCCC(=O)CCCCCC(=O)CCCCCC(=O)CCCCCC(=O)CCCCCC(=O)CCCCCC(=O)CCCCCC(=O)CCCCCC(=O)CCCCCC(=O)CCCCCC(=O)CCCCCC(=O)CCCCCC(=O)CCCCCC(=O)CCCCCC(=O)CCCCCC(=O)CCCCCC(=O)CCCCCC(=O)CCCCCC(=O)CCCCCC(=O)CCCCCC(=O)CCCCCC(=O)CCCCCC(=O)CCCCCC(=O)CCCCCC(=O)CCCCCC(=O)CCCCCC(=O)CCCCCC(=O)CCCCCC(=O)CCCCCC(=O)CCCCCC(=O)CCCCCC(=O)CCCCCC(=O)CCCCCC(=O)CCCCCC(=O)CCCCCC(=O)CCCCCC(=O)CCCCCC(=O)CCCCCC(=O
CC(=O)NCC(=O)NCC1=CC2=C(C=C(C=C2)S1)C(=O)N
C[C@H]1[C@H](N)O[C@H](O)[C@H](O)[C@H]1O-C(O)[C@H]2[C@H](O)[C@H](O)[C@H](O)[C@H]2O-C(O)[C@H]3[C@H](O)[C@H](O)[C@H](O)[C@H]3O
CC(=O)N(C(=O)N(C(=O)O)C(=O)O)C(=O)O
CC(=O)Nc1ccc(cc1C(=O)Nc2ccc(cc2)C(=O)Nc3ccc(cc3)C(=O)Nc4ccc(cc4)C(=O)Nc5ccc(cc5)C(=O)Nc6ccc(cc6)C(=O)Nc7ccc(cc7)C(=O)Nc8ccc(cc8)C(=O)Nc9ccc(cc9)C(=O)Nc1c(cc(c(c1)C(=O)N)C(=O)N)C(=O)N)C(=O)N
CC(C(=O)O)CCCC(C(=O)O)CCCC(C(=O)O)CCCC(C(=O)O)CCCC(C(=O)O)CCCC(C(=O)O)CCCC(C(=O)O)CCCC(C(=O)O)CCCC(C(=O)O)COC(=O)CCCC(C(=O)O)CCCC(C(=O)O)CCCC(C(=O)O)C
CC(=O)[C@H]1CC[C@H]2[C@H]3CCC4=CC(=O)C(C(C(C(C(O)C3)C)C)C)C(C)C(C)C(C)C(C)C(C)C(C)C(C)C(C)C(C)C(C)C(C)C(C)C(C)C(C)C(C)C(C)C(C)C(C)C(C)C(C)C(C)C(C)C(C)C(C)C(C)C(C)C(C)C(C)C(C)C(C)C(C)C(C)C(C)C(C)C(C)C(C)C(C)C(C)C(C)C(C)C(C)C(C)C(C)C(C)C(C)C(C)C(C)C(C)C(C)C(C)C(C)C(C)C(C)C(C)C(C)C(C)C(C)C(C)C(C)C(C)C(C)C(C)C(C)C(C)C(C)C(C)C(C)C(C)C(C)C(C)C(C)C(C)C(C)C(C)C(C)C(C)C(C)C(C)C(C)C(C)C(C)C(C)C(C)C(C)C(C)C(C)C(C)C(C)C(C)C(C)C(C)C(C)C(C)C(C)C(C)C(C)C(C)C(C)C(C)C(C)C(C)C(C)C(C)C(C)C(C)C(C)C(C)C(C)C(C)C(C)C(C)C(C)C(C)C(C)C(C)C(C)C(C)C(C)C(C)C(C)C(C)C(C)C(C)C(C)C(C)C(C)C(C)C(C)C(C)C(C)C(C)C(C)C(C)C(C)C(C)C(C)C(C)C(C)C(C)C(C)C(C)C(C)C(C)C(C)C(C)C(C)C(C)C(C)C(C)C(C)C(C)C(C)C(C)C(C)C(C)C(C)C
CC(=O)N(C(=O)N1CC(=O)N(C(=O)N(C(=O)N(C(=O)N(C(=O)N(C(=O)N(C(=O)N(C(=O)N(C(=O)N(C(=O)N(C(=O)N(C(=O)N(C(=O)N(C(=O)N(C(=O)N(C(=O)N(C(=O)N(C(=O)N(C(=O)N(C(=O)N(C(=O)N(C(=O)N(C(=O)N(C(=O)N(C(=O)N(C(=O)N(C(=O)N(C(=O)N(C(=O)N(C(=O)N(C(=O)N(C(=O)N(C(=O)N(C(=O)N(C(=O)N(C(=O)N(C(=O)N(C(=O)N(C(=O)N(C(=O)N(C(=O)N(C(=O)N(C(=O)N(C(=O)N(C(=O)N(C(=O)N(C(=O)N(C(=O)N(C(=O)N(C(=O)N(C(=O)N(C(=O)N(C(=O)N(C(=O)N(C(=O)N(C(=O)N(C(=O)N(C(=O)N(C(=O)N(C(=O)N(C(=O)N(C(=O)N(C(=O)N(C(=O)N(C(=O)N(C(=O)N(C(=O)N(C(=O)N(C(=O)N(C(=O)N(C(=O)N(C(=O)N(C(=O)N(C(=O)N(C(=O)N(C(=O)N(C(=O)N(C(=O)N(C(=O)N(C(=O)N(C(=O)N(C(=O)N(C(=O)N(C(=O)N(C(=O)N(C(=O)N(C(=O)N(C(=O)N(C(=O)N(C(=O)N(C(=O)N(C(=O)N(C(=O)N(C(=O)N(C(=O)N(C(=O)N(C(=O)N(C(=O)N(C(=O)N(C(=O)N(C
CC1=CC=CC2=C1CC(C)C2
CC1=C(C(C(C(C(C1O)O)O)O)O)C(=O)S(=O)(=S)C1=C(C(C(C(C(C1O)O)O)O)O)C1=C(C(C(C(C(C1O)O)O)O)O)O[C@H]2[C@H]3O[C@H](O)[C@H](O)[C@H]3O[C@H]2O[C@H]3O[C@H](O)[C@H](O)[C@H]3O[C@H]2O[C@H]3O[C@H](O)[C@H](O)[C@H]3O[C@H]2O[C@H]3O[C@H](O)[C@H](O)[C@H]3O[C@H]2O[C@H]3O[C@H](O)[C@H](O)[C@H]3O[C@H]2O[C@H]3O[C@H](O)[C@H](O)[C@H]3O[C@H]2O[C@H]3O[C@H](O)[C@H](O)[C@H]3O[C@H]2O[C@H]3O[C@H](O)[C@H](O)[C@H]3O[C@H]2O[C@H]3O[C@H](O)[C@H](O)[C@H]3O[C@H]2O[C@H]3O[C@H](O)[C@H](O)[C@H]3O[C@H]2O[C@H]3O[C@H](O)[C@H](O)[C@H]3O[C@H]2O[C@H]3O[C@H](O)[C@H](O)[C@H]3O[C@H]2O[C@H]3O[C@H](O)[C@H](O)[C@H]3O[C@H]2O[C@H]3O[C@H](O)[C@H](O)[C@H]3O[C@H]2O[C@H]3O[C@H](O)[C@H](O)[
CC(=O)O[C@H]1C(=O)[C@H](C(=O)O)C(=O)[C@H](C(=O)O)C(=O)[C@H]1
C1=CC(=O)C2=C(C=C(C(=O)C3=C(C(=O)C(=O)C3=O)O)C(=O)C2=O)C=C1OC1C(OC(O)C(O)C(O)C(O)C1O)O
CC1=CC=C2C(=O)C3=C(C=CC(=O)C3=C2)C=C1C4C5OC6(C(=O)C7=C(C(=O)C8=C(C(=O)C9=C(C(=O)C10=C(C(=O)C11=C(C(=O)C12=C(C(=O)C13=C(C(=O)C14=C(C(=O)C15=C(C(=O)C16=C(C(=O)C17=C(C(=O)C18=C(C(=O)C19=C(C(=O)C20=C(C(=O)C21=C(C(=O)C22=C(C(=O)C23=C(C(=O)C24=C(C(=O)C25=C(C(=O)C26=C(C(=O)C27=C(C(=O)C28=C(C(=O)C29=C(C(=O)C30=C(C(=O)C31=C(C(=O)C32=C(C(=O)C33=C(C(=O)C34=C(C(=O)C35=C(C(=O)C36=C(C(=O)C37=C(C(=O)C38=C(C(=O)C39=C(C(=O)C40=C(C(=O)C41=C(C(=O)C42=C(C(=O)C43=C(C(=O)C44=C(C(=O)C45=C(C(=O)C46=C(C(=O)C47=C(C(=O)C48=C(C(=O)C49=C(C(=O)C50=C(C(=O)C51=C(C(=O)C52=C(C(=O)C53=C(C(=O)C54=C(C(=O)C55=C(C(=O)C56=C(C(=O)C57=C(C(=O)C58=C(C(=O)C59=C(C(=O)C60=C(C(=O)C61=C(C(=O)C62=C(C(=O)C63=C(C(=O)C64=C(C(=O)C65=C(C(=O)C66=C(C(=O)C67=C(C(=O)C68=C(C(=O)C69=C(C(=O)C70=C(C(=O)C71=C(C(=O)C72=C(C(=O)C73=C(C(=O)C74=C(C(=O
CC1=CC=C2=C(C=CC=C2)C=C1C(=O)NCC1CC1NOC1=CC=CC2=C1C=CC(=C2OC)NC(=O)C1=CC=CC2=C(C=CC=C2)C=C1
[NH]1CCCN(C)C(=O)C1
CC1=CC(=O)N(C(=O)C1)C(=O)O
CC(C(C(C(C(=O)O)O)O)O)C1=NC2=C(N)N=C(N)N2C1C(=O)OP(=O)(O)O
C1=NC(=O)NC2=C(C(=O)N=C1C(=O)O)N=C2
CC1=CC(=O)C2=C(C=C(C(=O)C2=C1)O)O)O)O)O)O)C(=O)C3=C(C(=O)C(=C3)OC)O)OCH3
C1=CC(=O)C(=O)C(=C1)COC(=O)C
CC(=O)(O)[C@H](C(=O)O)C(=O)N(CCC(=O)N(C)C(=O)O)C(=O)O)C(=O)O)C(=O)O)C(=O)O)C(=O)O)C(=O)O)C(=O)O)C(=O)O)C(=O)O)C(=O)O)C(=O)O)C(=O)O)C(=O)O)C(=O)O)C(=O)O)C(=O)O)C(=O)O)C(=O)O)C(=O)O)C(=O)O)C(=O)O)C(=O)O)C(=O)O)C(=O)O)C(=O)O)C(=O)O)C(=O)O)C(=O)O)C(=O)O)C(=O)O)C(=O)O)C(=O)O)C(=O)O)C(=O)O)C(=O)O)C(=O)O)C(=O)O)C(=O)O)C(=O)O)C(=O)O)C(=O)O)C(=O)O)C(=O)O)C(=O)O)C(=O)O)C(=O)O)C(=O)O)C(=O)O)C(=O)O)C(=O)O)C(=O)O)C(=O)O)C(=O)O)C(=O)O)C(=O)O)C(=O)O)C(=O)O)C(=O)O)C(=O)O)C(=O)O)C(=O)O)C(=O)O)C(=O)O)C(=O)O)C(=O)O)C(=O)O)C(=O)O)C(=O)O)C(=O)O)C(=O)O)C(=O)O)C(=O)O)C(=O)O)C(=O)O)C(=O)O)C(=O)O)C(=O)O)C(=O)O)C(=O)O)C(=O
CC(=O)OCC1=CC(=CC(=O)C(C(=O)O)C1)Cl
CC(=O)Nc1ccc(cc1)O[C@H]1O[C@H](C(=O)Nc2ccc(cc2)O)C1[C@H]1O[C@H](C(=O)Nc2ccc(cc2)O)OS(=O)(=O)O
CC1=CC=C(C(=O)N)C(=O)NCC1S(=O)(=O)(O)=O
c1ccc(cc1)C1=CC(=CC(=C1Cl)Cl)Nc2ccccc2C(=O)O
C(C(O)C)CCCCCCCCCCCC(=O)O
CC1=C(C(=O)OC)C(=O)OC(C(=O)OC)C1CC2=C(C(=O)OC)C(=O)OC(C)C3=C(C(=O)OC)C(=O)OC(C)C3N(C)C4=C(C(=O)OC)C(=O)OC(C)C4OC(=O)OCC(=O)OCC1(C)C2OC(=O)OCC(=O)OCC3(C)C4=C(C(=O)OC)C(=O)OC(C)C4OC(=O)OCC(=O)OCC1(C)C2
C1=C(C(=O)O)C(=C(C(=O)O)Cl)Cl
CC(C(C(=O)O)OCC(=O)O)C(C(=O)O)OCC(=O)OCCCC(C(C)C(=O)O)C(C)C(C)C(C)C(C)C(C)C(C)C(C)C(=O)O)C(C(=O)O)OCC(=O)OCCCC(C(C)C(=O)O)C(C)C(C)C(C)C(C)C(C)C(C)C(C)C(=O)O)C(C(=O)O)OCC(=O)OCCCC(C(C)C(=O)O)C(C)C(C)C(C)C(C)C(C)C(C)C(C)C(=O)O)C(C(=O)O)OCC(=O)O
CC(C(C(C(=O)N)N)O)C(=O)O
CC1=CC2=C(C(=O)O)C3=C(C(=O)O)C(C(=O)O)C4=C(C(=O)O)C(C(=O)O)C5=C(C(=O)O)C(C(=O)O)C6=C(C(=O)O)C(C(=O)O)C7=C(C(=O)O)C(C(=O)O)C8=C(C(=O)O)C(C(=O)O)C9=C(C(=O)O)C(C(=O)O)C(C(=O)O)C(C(=O)O)C(C(=O)O)C(C(=O)O)C(C(=O)O)C(C(=O)O)C(C(=O)O)C(C(=O)O)C(C(=O)O)C(C(=O)O)C(C(=O)O)C(C(=O)O)C(C(=O)O)C(C(=O)O)C(C(=O)O)C(C(=O)O)C(C(=O)O)C(C(=O)O)C(C(=O)O)C(C(=O)O)C(C(=O)O)C(C(=O)O)C(C(=O)O)C(C(=O)O)C(C(=O)O)C(C(=O)O)C(C(=O)O)C(C(=O)O)C(C(=O)O)C(C(=O)O)C(C(=O)O)C(C(=O)O)C(C(=O)O)C(C(=O)O)C(C(=O)O)C(C(=O)O)C(C(=O)O)C(C(=O)O)C(C(=O)O)C(C(=O)O)C(C(=O)O)C(C(=O)O)C(C(=O)O)C(C(=O)O)C(C(=O)O)C(C(=O)O)C(C(=O)O)C(C(=O)O)C(C(=O)O)C(C(=O)O)C(C(=O)O)C(C(=O)O)C(C(=O)O)C(C(=O)O)C(C(=O)O)C(C(=
C1=CNc2c(cc(N)cc2N)C1
CC1=CC=C2C(=C(C(=C(C(=C2N1)C3=CC=CC=C3)C4=CC=CC=C4)C5=CC=CC=C5)C6=CC=CC=C6)C(=O)N7CCC7
I am unable to provide a valid SMILES string for the given molecular description.
O=S(=O)=O
N[C@H]1C(=O)N[C@H]1C(=O)O[C@H]1C(=O)N[C@H]1C(=O)O[C@H]1C(=O)N[C@H]1C(=O)O[C@H]1C(=O)N[C@H]1C(=O)O[C@H]1C(=O)N[C@H]1C(=O)O[C@H]1C(=O)N[C@H]1C(=O)O[C@H]1C(=O)N[C@H]1C(=O)O[C@H]1C(=O)N[C@H]1C(=O)O[C@H]1C(=O)N[C@H]1C(=O)O[C@H]1C(=O)N[C@H]1C(=O)O[C@H]1C(=O)N[C@H]1C(=O)O[C@H]1C(=O)N[C@H]1C(=O)O[C@H]1C(=O)N[C@H]1C(=O)O[C@H]1C(=O)N[C@H]1C(=O)O[C@H]1C(=O)N[C@H]1C(=O)O[C@H]1C(=O)N[C@H]1C(=O)O[C@H]1C(=O)N[C@H]1C(=O)O[C@H]1C(=O)N[C@H]1C(=O)O[C@H]1C(=O)N[C@H]1C(=O)O[C@H]1C(=O)N[C@H]1C(=O)O[C@H]1C(=O)N[C@H]1C(=O)O[C@H]1C(=O)N[C@H]1C(=O)O[C@H]1C(=O)N[C@H]1C(=O)O[C@H]1C(=O)N[C@H]1C(=O)O[C@H]1C(=O)N[C@H]1C(=O)O[C@H]1C(=O)N[C
CC(C=CC=CC=CC=CC=CC=CC=CC=CC=CC=CC=CC=CC=CC=CC=CC=CC=CC=CC=CC=CC=CC=CC=CC=CC=CC=CC=CC=CC=CC=CC=CC=CC=CC=CC=CC=CC=CC=CC=CC=CC=CC=CC=CC=CC=CC=CC=CC=CC=CC=CC=CC=CC=CC=CC=CC=CC=CC=CC=CC=CC=CC=CC=CC=CC=CC=CC=CC=CC=CC=CC=CC=CC=CC=CC=CC=CC=CC=CC=CC=CC=CC=CC=CC=CC=CC=CC=CC=CC=CC=CC=CC=CC=CC=CC=CC=CC=CC=CC=CC=CC=CC=CC=CC=CC=CC=CC=CC=CC=CC=CC=CC=CC=CC=CC=CC=CC=CC=CC=CC=CC=CC=CC=CC=CC=CC=CC=CC=CC=CC=CC=CC=CC=CC=CC=CC=CC=CC=CC=CC=CC=CC=CC=CC=CC=CC=CC=CC=CC=CC=CC=CC=CC=CC=CC=CC=CC=CC=CC=CC=CC=CC=CC=CC=CC=CC=CC=CC=CC=CC=CC=CC=CC=CC=CC=CC=CC=CC=CC=CC=CC=CC=CC=CC=CC=CC=CC=CC=CC=CC=CC=CC=CC=CC=CC=CC=CC=CC=CC=CC=CC=CC=CC=CC=CC=CC=CC=CC=CC=CC=CC=CC=CC=CC=CC=CC=CC=CC=CC=CC=CC=CC=CC=CC=CC=CC=CC=CC=CC=CC=CC=CC=CC=CC=CC=CC=CC=CC=CC=CC=CC=CC=CC=CC=CC=CC=CC=CC=CC=CC=CC=CC=CC=CC=CC=CC
CC(=O)C1=CC(=C(C=C1OC)OC(=O)C)OC(=O)C
CCCC(=O)C(=O)C(=O)O-
CCCCCCCCCCCCCCC(C)C(=O)[O-]
OC1=CC(=O)O[C@H]2C(O)C(O)C(O)C2O1OC3C(C(C(C(C(C(=O)O)O)O)O)O)C(O)C(O)C(O)C(O)C3=O
CCCCCCCCCCCCCCCCCCCCCCCCC(C)CCCCCCCCCCCCC(O)C26=CC
CC12CC(C(C3C(C(C(C1(C)C)O)C)C)C3)C(=C)C
c1cnc2c(N)nc(N)NCCCCCCCCCCN1C1C(C(C(C(C(C(O)O)O)O)O)O)O)O1
C(=O)C1=CC=NC2=CC=CC=C1C3=CC=CC=CC3N2C(=O)C(=O)C2=CC=CC=CC2N1F
CC1=CC(=O)C2=C(C=C(C(=O)C3=C(C=C(C(=O)C3=C1)O)O)O)OC(=O)C(O)O
CC(C=CC(C=CC(C=CC(C=CC(C=CC(C=CC(C=CC(C=CC(C=CC(C=CC(C=CC(C=CC(C=CC(C=CC(C=CC(C=CC(C=CC(C=CC(C=CC(C=CC(C=CC(C=CC(C=CC(C=CC(C=CC(C=CC(C=CC(C=CC(C=CC(C=CC(C=CC(C=CC(C=CC(C=CC(C=CC(C=CC(C=CC(C=CC(C=CC(C=CC(C=CC(C=CC(C=CC(C=CC(C=CC(C=CC(C=CC(C=CC(C=CC(C=CC(C=CC(C=CC(C=CC(C=CC(C=CC(C=CC(C=CC(C=CC(C=CC(C=CC(C=CC(C=CC(C=CC(C=CC(C=CC(C=CC(C=CC(C=CC(C=CC(C=CC(C=CC(C=CC(C=CC(C=CC(C=CC(C=CC(C=CC(C=CC(C=CC(C=CC(C=CC(C=CC(C=CC(C=CC(C=CC(C=CC(C=CC(C=CC(C=CC(C=CC(C=CC(C=CC(C=CC(C=CC(C=CC(C=CC(C=CC(C=CC(C=CC(C=CC(C=CC(C=CC(C=CC(C=CC(C=CC(C=CC(C=CC(C=CC(C=CC(C=CC(C=CC(C=CC(C=CC(C=CC(C=CC(C=CC(C=CC(C=CC(C=CC(C=CC(C=CC(C=CC(C=CC(C=CC(C=CC(C=CC(C=CC(C=CC(C=CC(C=CC(C=CC(C=CC(C=CC(C=CC(C=CC(C=CC(C=CC(C=CC(C=CC(C=CC(C=CC(C=CC(C=CC(C=CC(C=CC(C=CC(C=CC(C=CC(C=CC(C=CC(C=CC(C=CC(C=CC(C=CC(C=CC(C=CC(C=CC(C=CC(C=CC(C=CC(C=CC(C=CC(C=CC(C=CC(C=CC(C=CC(C=CC(C=CC(C=CC(C=CC(C
CC(=O)N1CCC(=O)N(C(=O)N1C(=O)N)C(=O)N
CC(C)C(=O)NCC(C(=O)O)C(=O)N
C([C@H]1O)(C([H])(O)O[C@H]2O[C@H]([H])O[C@H]2O)C1O[C@H]3O[C@H]([H])O[C@H]4O[C@H]([H])O[C@H]4O[C@H]3O
C1(C(C(C(C(C(C1O)O)O)O)O)OP(=O)(O)OP(=O)(O)O)OP(=O)(O)OP(=O)(O)O)OP(=O)(O)OP(=O)(O)O
C1=CC(=O)C2=C(C=C(C(=O)O)C2(C)C1)O
C1=CC=CC=C1C(=O)O
C21(C)CCC(=O)CC(C)C(C)C(C)C(C)C(C)C(C)C(C)C(C)C(C)C(C)C(C)C(C)C(C)C(C)C(C)C(C)C(C)C(C)C(C)C(C)C(C)C(C)C(C)C(C)C(C)C(C)C(C)C(C)C(C)C(C)C(C)C(C)C(C)C(C)C(C)C(C)C(C)C(C)C(C)C(C)C(C)C(C)C(C)C(C)C(C)C(C)C(C)C(C)C(C)C(C)C(C)C(C)C(C)C(C)C(C)C(C)C(C)C(C)C(C)C(C)C(C)C(C)C(C)C(C)C(C)C(C)C(C)C(C)C(C)C(C)C(C)C(C)C(C)C(C)C(C)C(C)C(C)C(C)C(C)C(C)C(C)C(C)C(C)C(C)C(C)C(C)C(C)C(C)C(C)C(C)C(C)C(C)C(C)C(C)C(C)C(C)C(C)C(C)C(C)C(C)C(C)C(C)C(C)C(C)C(C)C(C)C(C)C(C)C(C)C(C)C(C)C(C)C(C)C(C)C(C)C(C)C(C)C(C)C(C)C(C)C(C)C(C)C(C)C(C)C(C)C(C)C(C)C(C)C(C)C(C)C(C)C(C)C(C)C(C)C(C)C(C)C(C)C(C)C(C)C(C)C(C)C(C)C(C)C(C)C(C)C(C)C(C)C(C)C(C)C(C)C(C)C(C)C(C)C(C)C(C)C(C)C(C)C(C)C(C)C(C)C(C)C(C)C(C)C(C)C(C)C(C)C(C)C(C)
HS(=C)(C)C(=O)O
CC(C(C(C(C(C(C(C(C(C(C(C(C(C(C(C(C(C(C(C(C(C(C(C(C(C(C(C(C(C(C(C(C(C(C(C(C(C(C(C(C(C(C(C(C(C(C(C(C(C(C(C(C(C(C(C(C(C(C(C(C(C(C(C(C(C(C(C(C(C(C(C(C(C(C(C(C(C(C(C(C(C(C(C(C(C(C(C(C(C(C(C(C(C(C(C(C(C(C(C(C(C(C(C(C(C(C(C(C(C(C(C(C(C(C(C(C(C(C(C(C(C(C(C(C(C(C(C(C(C(C(C(C(C(C(C(C(C(C(C(C(C(C(C(C(C(C(C(C(C(C(C(C(C(C(C(C(C(C(C(C(C(C(C(C(C(C(C(C(C(C(C(C(C(C(C(C(C(C(C(C(C(C(C(C(C(C(C(C(C(C(C(C(C(C(C(C(C(C(C(C(C(C(C(C(C(C(C(C(C(C(C(C(C(C(C(C(C(C(C(C(C(C(C(C(C(C(C(C(C(C(C(C(C(C(C(C(C(C(C(C(C(C(C(C(C(C(C(C(C(C(C(C(C(C(C(C(C(C(C(C(C(C(C(C(C(C(C(C(C(C(C(C(C(C(C(C(C(C(C(C(C(C(C(C(C(C(C(C(C(C(C(C(C(C(C(C(C(C(C(C(C(C(C(C(C(C(C(C(C(C(C(C(C(C(C(C(C(C(C(C(C(C(C(C(C(C(C(C(C(C(C(C(C(C(C(C(C(C(C(C(C(C(C(C(C(C(C(C(C(C(C(C(C(C(C(C(C(C(C(C(C(C(C(C(C(C(C(C(C(C(C(C(C(C(C(C(C(C(C(C(C(C(C(C(C(C(C(C(C(C(C(C(C(C(C(C(C(C(C(C(C(C(C(C(C(C(C(C(C(C(C(C(C(C(C(C(C(C(C(C(C(C(C(C(C(C(C(C(C(C(C(C(C(C(C(C(C(C(C(C(C(C(C(C(C(C(C(C(C(C(C(C(C(C(C(C(C(C(C(C(C(C(C(C(C(C(C(C(C(C(C(C(C(C(C(C(C(C(C(C(C(C(C(C(C(C(C(C(C(C(C(C(C(C(C(C(C(C(C(C(C(C(C(C(C(C(C(C(C(C(C
C1(C(=C)C(=C)C(C(=C)CC(C)C)C)C
CC1(C(C(=O)C2(C(C(C(C(C2)C)OC)C)C)C)C(C(=C(C)C(C(C)C)C)C(=O)C)C(=O)C(C(C)C)C
CC1=C(C(=O)C2=C(C(=O)C3=C(C(=O)C4=C(C(=O)C5=C(C(=O)C6=C(C(=O)C7=C1C2=C3C4=C5C6=C7)O)O)O)O)O)O)C([H])(O)C1OC(C(O)C(O)C(O)C(O)C1O)C(O)C(O)C(O)C(O)C(O)C(O)C(O)C(O)C(O)C(O)C(O)C(O)C(O)C(O)C(O)C(O)C(O)C(O)C(O)C(O)C(O)C(O)C(O)C(O)C(O)C(O)C(O)C(O)C(O)C(O)C(O)C(O)C(O)C(O)C(O)C(O)C(O)C(O)C(O)C(O)C(O)C(O)C(O)C(O)C(O)C(O)C(O)C(O)C(O)C(O)C(O)C(O)C(O)C(O)C(O)C(O)C(O)C(O)C(O)C(O)C(O)C(O)C(O)C(O)C(O)C(O)C(O)C(O)C(O)C(O)C(O)C(O)C(O)C(O)C(O)C(O)C(O)C(O)C(O)C(O)C(O)C(O)C(O)C(O)C(O)C(O)C(O)C(O)C(O)C(O)C(O)C(O)C(O)C(O)C(O)C(O)C(O)C(O)C(O)C(O)C(O)C(O)C(O)C(O)C(O)C(O)C(O)C(O)C(O)C(O)C(O)C(O)C(O)C(O)C(O)C(O)C(O)C(O)C(O)C(O)C(O)C(O)C(O)C(O)C(O)C(O)C(O)C(O)C(O)C(O)C(O)C(O)C(O)C(O)C(O)C(O)C(O)C(O)C(O
CC(=O)NCCCNCCCCN+
CC1CCC2C(C1)C(=O)OCC1CSC(=S)N1C(=O)N(C(C)(C)C)C1SC(=S)N1C(=O)N(C(C)(C)C)C1
C1(C(=O)C2(C(=O)C3(C(=O)C4(C5(C6=C7(C8(C9N(C1)C2)C3)C4)C5)C6=C7)C8=C9)
C1=CC(=C(C=C1OC2CC(C(C(C(O2)O)O)O)C3=CC(=C(C=C3)OC)O)O)O
C1=CC(=O)N1C(=O)N(SC(=S)N1C(=S)N(N=C1)C)C(=O)N1C(=N)NN=N1
CC(=O)OCCCC(=O)C(C(=O)O)C(=O)OCCCC(=O)C(=O)OCCCC(=O)C(=O)OCCCC(=O)C(=O)OCCCC(=O)C(=O)OCCCC(=O)C(=O)OCCCC(=O)C(=O)OCCCC(=O)C(=O)OCCCC(=O)C(=O)OCCCC(=O)C(=O)OCCCC(=O)C(=O)OCCCC(=O)C(=O)OCCCC(=O)C(=O)OCCCC(=O)C(=O)OCCCC(=O)C(=O)OCCCC(=O)C(=O)OCCCC(=O)C(=O)OCCCC(=O)C(=O)OCCCC(=O)C(=O)OCCCC(=O)C(=O)OCCCC(=O)C(=O)OCCCC(=O)C(=O)OCCCC(=O)C(=O)OCCCC(=O)C(=O)OCCCC(=O)C(=O)OCCCC(=O)C(=O)OCCCC(=O)C(=O)OCCCC(=O)C(=O)OCCCC(=O)C(=O)OCCCC(=O)C(=O)OCCCC(=O)C(=O)OCCCC(=O)C(=O)OCCCC(=O)C(=O)OCCCC(=O)C(=O)OCCCC(=O)C(=O)OCCCC(=O)C(=O)OCCCC(=O)C(=O)OCCCC(=O)C(=O)OCCCC(=O)C(=O)OCCCC(=O)C(=O)OCCCC(=O)C(=O)OCCCC(=O)C(=O)OCCCC(=O)C(=O)OCCCC(=O)C(=O)OCCCC(=O)C(=O)OCCCC(=O)C(=O)OCCCC(=O)C(=O)OCCCC(=O)C(=O)OCCCC(=O)C(=O)OCCCC(=O)C(=O)OCCCC(=O)C(=O)OCCCC(=O)C(=O)OCCCC(=O)C(=O)OCCCC(=O)C(=O)OCCCC(=O)C(=O)OCCCC(=O)C
