CC1(CCC2CCC3(C(=O)CC(C(=O)C3(C)C2)C)C)C4=CC5C(C(=O)C(C(C5(C)C)C4)C)C(=O)C(=O)C(=O)C
C([C@H]1[C@H]([C@@H](O1)O)O)C(=O)O[C@H]2[C@H]([C@@H](O2)C(=O)N)O[C@H]3[C@H]([C@@H](O3)C(=O)O)O[C@H]4[C@H]([C@@H](O4)C(=O)N)O
CC1=CC=C(C(=O)N1C2=CC=CC=C2)OC[C@H]1O[C@H]2[C@H]([C@H]([C@H]([C@H]([C@H]([C@H]([C@H]([C@H]2O)O)O)O)O)O)O)S(=O)(=O)=O
C1CCCCCN1c1ccccc1ClC(=O)OOC(=O)N
[h]1csc(=S)n1C1=CN=C(N=C1C)NCC(C(C(=O)O)O)COP(=O)(O)O
C[C@H](CO)(CO)C(C(C(=O)O)O)O)O
C/C=C/C/C/C/C/C/C/C/C/C/C/C/C/C/C/C(C(CO)O)O=P(O)(O)O
C1=CC=CC=C1C(=O)(O)O[As](O)O-
C(=O)CCCCCCCCCCCCC(=O)CCCCCCCCC
C1=CC=C2C=CC=CC2=C1C(=O)OCC3=CC=CC=C3
CCCCCCCCCCCCC(C(=O)OP(=O)(O)O)C(O)O
C(=O)(N)C1=C(C(C(C(C(C1O)O)O)O)O)C2=C(C(C(C(C(C2O)O)O)O)O)O.C(=O)(N)C3=C(C(C(C(C(C3O)O)O)O)O)C4=C(C(C(C(C(C4O)O)O)O)O)O.C(=O)(N)C5=C(C(C(C(C(C5O)O)O)O)O)C6=C(C(C(C(C(C6O)O)O)O)O)O.O[C@H]1[C@H]2[C@H]3[C@H]4[C@H]5[C@H]6[C@H]7[C@H]8[C@H]9[C@H]1O[C@H]2O[C@H]3O[C@H]4O[C@H]5O[C@H]6O[C@H]7O[C@H]8O[C@H]9O.C(=O)(N)C10=C(C(C(C(C(C10O)O)O)O)O)C11=C(C(C(C(C(C11O)O)O)O)O)O
CC(=O)N(C(C(C(C(C(C1=CC=CC=C1)O)O)C(=O)O)C)C)C(=O)O.[Na+].O.O
CC1(C(C(=O)C(Br)C(=O)N(C)C(=O)N(C)C(=O)O)C2(C(=O)N(C)C(=O)N(C)C(=O)O)C(=O)N(C)C(=O)N(C)C(=O)O)C(=O)N(C)C(=O)N(C)C(=O)O
C1=CC(=O)C(=O)C(=C(C)C)C=C1O
C1(C(C(C(C(C(C(C(C(C(C(C(C(C(C(C(C(C(C(C(C(C(C(C(C(C(C(C(C(C(C(C(C(C(C(C(C(C(C(C(C(C(C(C(C(C(C(C(C(C(C(C(C(C(C(C(C(C(C(C(C(C(C(C(C(C(C(C(C(C(C(C(C(C(C(C(C(C(C(C(C(C(C(C(C(C(C(C(C(C(C(C(C(C(C(C(C(C(C(C(C(C(C(C(C(C(C(C(C(C(C(C(C(C(C(C(C(C(C(C(C(C(C(C(C(C(C(C(C(C(C(C(C(C(C(C(C(C(C(C(C(C(C(C(C(C(C(C(C(C(C(C(C(C(C(C(C(C(C(C(C(C(C(C(C(C(C(C(C(C(C(C(C(C(C(C(C(C(C(C(C(C(C(C(C(C(C(C(C(C(C(C(C(C(C(C(C(C(C(C(C(C(C(C(C(C(C(C(C(C(C(C(C(C(C(C(C(C(C(C(C(C(C(C(C(C(C(C(C(C(C(C(C(C(C(C(C(C(C(C(C(C(C(C(C(C(C(C(C(C(C(C(C(C(C(C(C(C(C(C(C(C(C(C(C(C(C(C(C(C(C(C(C(C(C(C(C(C(C(C(C(C(C(C(C(C(C(C(C(C(C(C(C(C(C(C(C(C(C(C(C(C(C(C(C(C(C(C(C(C(C(C(C(C(C(C(C(C(C(C(C(C(C(C(C(C(C(C(C(C(C(C(C(C(C(C(C(C(C(C(C(C(C(C(C(C(C(C(C(C(C(C(C(C(C(C(C(C(C(C(C(C(C(C(C(C(C(C(C(C(C(C(C(C(C(C(C(C(C(C(C(C(C(C(C(C(C(C(C(C(C(C(C(C(C(C(C(C(C(C(C(C(C(C(C(C(C(C(C(C(C(C(C(C(C(C(C(C(C(C(C(C(C(C(C(C(C(C(C(C(C(C(C(C(C(C(C(C(C(C(C(C(C(C(C(C(C(C(C(C(C(C(C(C(C(C(C(C(C(C(C(C(C(C(C(C(C(C(C(C(C(C(C(C(C(C(C(C(C(C(C(C(C(C(C(C(C(C(C(C(C(C(C(C(C(C(C(C(C(C(C(C(C(C(C(C(C(C(C(C(C
CC1(C)C2(C)C3(C)C4(C)C5(C)C6(C)C7(C)C8(C)C9(C)C1(C(=O)(O)C)C2(C(=O)(O)C)C3(C)C4(C)C5(C)C6(C)C7(C)C8(C)C9(C)C1(C)C2(C)C3(C)C4(C)C5(C)C6(C)C7(C)C8(C)C9(C)C1(C)C2(C)C3(C)C4(C)C5(C)C6(C)C7(C)C8(C)C9(C)C1(C)C2(C)C3(C)C4(C)C5(C)C6(C)C7(C)C8(C)C9(C)C1(C)C2(C)C3(C)C4(C)C5(C)C6(C)C7(C)C8(C)C9(C)C1(C)C2(C)C3(C)C4(C)C5(C)C6(C)C7(C)C8(C)C9(C)C1(C)C2(C)C3(C)C4(C)C5(C)C6(C)C7(C)C8(C)C9(C)C1(C)C2(C)C3(C)C4(C)C5(C)C6(C)C7(C)C8(C)C9(C)C1(C)C2(C)C3(C)C4(C)C5(C)C6(C)C7(C)C8(C)C9(C)C1(C)C2(C)C3(C)C4(C)C5(C)C6(C)C7(C)C8(C)C9(C)C1(C)C2(C)C3(C)C4(C)C5(C)C6(C)C7(C)C8(C)C9(C)C1(C)C2(C)C3(C)C4(C)C5(C)C6(C)C7(C)C8(C)C9(C)C1(C)C2(C)C3(C)C4(C)C5(C)C6(C)C7(C)C8(C)
CC(=O)NCCCC
C1=CC2=C(C=C1)C3=C(C(=O)N3)C4=C5C=CC(=C5)N(C)C6=C(C(=O)N6)C7=C(C(=O)N7)C8=C(C(=O)N8)C9=C(C(=O)N9)C
CC(C(=O)O)C(C)C(C)C(C)C(C)C(C)O
CCCCCCCCCCCCC(=O)OCCCCCCCCC(=O)CCCCCC(=O)CCCCCC(=O)CCCCCC(=O)CCCCCC(=O)CCCCCC(=O)CCCCCC(=O)CCCCCC(=O)CCCCCC(=O)CCCCCC(=O)CCCCCC(=O)CCCCCC(=O)CCCCCC(=O)CCCCCC(=O)CCCCCC(=O)CCCCCC(=O)CCCCCC(=O)CCCCCC(=O)CCCCCC(=O)CCCCCC(=O)CCCCCC(=O)CCCCCC(=O)CCCCCC(=O)CCCCCC(=O)CCCCCC(=O)CCCCCC(=O)CCCCCC(=O)CCCCCC(=O)CCCCCC(=O)CCCCCC(=O)CCCCCC(=O)CCCCCC(=O)CCCCCC(=O)CCCCCC(=O)CCCCCC(=O)CCCCCC(=O)CCCCCC(=O)CCCCCC(=O)CCCCCC(=O)CCCCCC(=O)CCCCCC(=O)CCCCCC(=O)CCCCCC(=O)CCCCCC(=O)CCCCCC(=O)CCCCCC(=O)CCCCCC(=O)CCCCCC(=O)CCCCCC(=O)CCCCCC(=O)CCCCCC(=O)CCCCCC(=O)CCCCCC(=O)CCCCCC(=O)CCCCCC(=O)CCCCCC(=O)CCCCCC(=O)CCCCCC(=O)CCCCCC(=O)CCCCCC(=O)CCCCCC(=O)CCCCCC(=O)CCCCCC(=O)CCCCCC(=O)CCCCCC(=O)CCCCCC(=O)CCCCCC(=O)CCCCCC(=O)CCCCCC(=O)CCCCCC(=O)CCCCCC(=O)CCCCCC(=O)CCCCCC(=O)CCCCCC(=O)CCCCCC(=O)CCCCCC(=O)CCCCCC(=O)CCCCCC(=O)CCCCCC(=O)CCCCCC(=O)CCCCCC(=O)CCCCCC(=O)CCCCCC(=O)CCCCCC(=O)CCCCCC(=O)CCCCCC(=O)CCCCCC(=O)CCCCCC(=O)CCCCCC(=O)CCCCCC(=O)CCCCCC(=O)CCCCCC(=O)CCCCCC(=O)CCCCCC(=O)CCCCCC(=O)CCCCCC(=O)CCCCCC(=O)CCCCCC(=O)CCCCCC(=O)CCCCCC(=O)CCCCCC(=O)CCCCCC(=O)CCCCCC(=O)CCCCCC(=O)CCCCCC(=O)CCCCCC(=O)CCCCCC(=O)CCCCCC(=O)CCCCCC(=O)CCCCCC(=O)CCCCCC(=O)CCCCCC(=O)CCCCCC(=O)CCCCCC(=O)CCCCCC(=O)CCCCCC(=O)CCCCCC(=O)CCCCCC(=O)CCCCCC(=O)CCCCCC(=O)CCCCCC(=O)CCCCCC(=O)CCCCCC(=O)CCCCCC(=O)CCCCCC(=O)CCCCCC(=
CC(=O)Nc1ccc2c(cc1)SC2=C(N)C(=O)NCC(=O)NOC
[C@H]1[C@H](N)O[C@H](O)[C@H](O)[C@H]1O -1[C@H]1[C@H](O)[C@H](O)[C@H](O)[C@H]1O -1[C@H]1[C@H](O)[C@H](O)[C@H](O)[C@H]1O
CC(=O)N(C(=O)N(C(=O)O)C(=O)O)C(=O)O
I cannot provide a SMILES string for the conjugate base of Photinus luciferin, as it is not possible to accurately determine the structure based on the provided description. Is there anything else I can help you with?
CCCCCCCCCCCCCCCCC(=O)OCC(C(=O)O)CCCCCCCCC(C(=O)O)O
CC(=O)[C@H]1CC[C@@H]2[C@H]3CCC4=CC(=O)N(C(C(C(C(O)C3)C)C)C)C(C)C(C)C(C)C(C)C(C)C(C)C(C)C(C)C(C)C(C)C(C)C(C)C(C)C(C)C(C)C(C)C(C)C(C)C(C)C(C)C(C)C(C)C(C)C(C)C(C)C(C)C(C)C(C)C(C)C(C)C(C)C(C)C(C)C(C)C(C)C(C)C(C)C(C)C(C)C(C)C(C)C(C)C(C)C(C)C(C)C(C)C(C)C(C)C(C)C(C)C(C)C(C)C(C)C(C)C(C)C(C)C(C)C(C)C(C)C(C)C(C)C(C)C(C)C(C)C(C)C(C)C(C)C(C)C(C)C(C)C(C)C(C)C(C)C(C)C(C)C(C)C(C)C(C)C(C)C(C)C(C)C(C)C(C)C(C)C(C)C(C)C(C)C(C)C(C)C(C)C(C)C(C)C(C)C(C)C(C)C(C)C(C)C(C)C(C)C(C)C(C)C(C)C(C)C(C)C(C)C(C)C(C)C(C)C(C)C(C)C(C)C(C)C(C)C(C)C(C)C(C)C(C)C(C)C(C)C(C)C(C)C(C)C(C)C(C)C(C)C(C)C(C)C(C)C(C)C(C)C(C)C(C)C(C)C(C)C(C)C(C)C(C)C(C)C(C)C(C)C(C)C(C)C(C)C(C)C(C)C(C)C(C)C(C)C(C)C(C)C(C)C(C)C(C)C(C)C(C)C(C)C
CC(=O)N(C(=O)N(C(=O)N(C(=O)N(C(=O)N(C(=O)N(C(=O)N(C(=O)N(C(=O)N(C(=O)N(C(=O)N(C(=O)N(C(=O)N(C(=O)N(C(=O)N(C(=O)N(C(=O)N(C(=O)N(C(=O)N(C(=O)N(C(=O)N(C(=O)N(C(=O)N(C(=O)N(C(=O)N(C(=O)N(C(=O)N(C(=O)N(C(=O)N(C(=O)N(C(=O)N(C(=O)N(C(=O)N(C(=O)N(C(=O)N(C(=O)N(C(=O)N(C(=O)N(C(=O)N(C(=O)N(C(=O)N(C(=O)N(C(=O)N(C(=O)N(C(=O)N(C(=O)N(C(=O)N(C(=O)N(C(=O)N(C(=O)N(C(=O)N(C(=O)N(C(=O)N(C(=O)N(C(=O)N(C(=O)N(C(=O)N(C(=O)N(C(=O)N(C(=O)N(C(=O)N(C(=O)N(C(=O)N(C(=O)N(C(=O)N(C(=O)N(C(=O)N(C(=O)N(C(=O)N(C(=O)N(C(=O)N(C(=O)N(C(=O)N(C(=O)N(C(=O)N(C(=O)N(C(=O)N(C(=O)N(C(=O)N(C(=O)N(C(=O)N(C(=O)N(C(=O)N(C(=O)N(C(=O)N(C(=O)N(C(=O)N(C(=O)N(C(=O)N(C(=O)N(C(=O)N(C(=O)N(C(=O)N(C(=O)N(C(=O)N(C(=O)N(C(=O)N(C(=O)N(C(=O)N(C(=O)N(C(=O)N(C(=O)N(C(=
CC1=CC(C)C=CC2=C1CC(C)C2
CC1=C(C(C(C(C(C1)O)O)O)O)S(=O)(=S)C1=C(C(C(C(C(C(C1O)O)O)O)O)-O-C1=C(C(C(C(C(C(C1O)O)O)O)O)-O-C1=C(C(C(C(C(C(C1O)O)O)O)O)-C1=C(C(C(C(C(C(C1O)O)O)O)O)-O-C1=C(C(C(C(C(C(C1O)O)O)O)O)-O-C1=C(C(C(C(C(C(C1O)O)O)O)O)-O-C1=C(C(C(C(C(C(C1O)O)O)O)O)-O-C1=C(C(C(C(C(C(C1O)O)O)O)O)-O-C1=C(C(C(C(C(C(C1O)O)O)O)O)-O-C1=C(C(C(C(C(C(C1O)O)O)O)O)-O-C1=C(C(C(C(C(C(C1O)O)O)O)O)-O-C1=C(C(C(C(C(C(C1O)O)O)O)O)-O-C1=C(C(C(C(C(C(C1O)O)O)O)O)-O-C1=C(C(C(C(C(C(C1O)O)O)O)O)-O-C1=C(C(C(C(C(C(C1O)O)O)O)O)-O-C1=C(C(C(C(C(C(C1O)O)O)O)O)-O-C1=C(C(C(C(C(C(C1O)O)O)O)O)-O-C1=C(C(C(C(C(C(C1O)O)O)O)O)-O-C1=C(C(C(C(C(C(C1O)O)O)O)O)-O-C1=C(C(C(C(C(C(C1O)O)O)O)O)-O-C1=C(C(C(C(C(C(C1O)O)O)O)O)-O-C1=C(C(C(C(C(C(C1O)O)O)O)O)-O-C1=C(C(C(C(C(C(C1O)O)O)O)O)-O-C1=C(C(C
CC(=O)O
C1=CC(=O)C2=C(C=C(C(=O)C3=C(C(=O)C(=O)C3=O)O)C(=O)C2=O)C=C1OC1C(OC(O)C(O)C(O)C(O)C1O)O
C1=CC=C2C(=O)C3=C(C=CC(=O)C3=C2)C=C1[C@]1(C)C(=O)O[C@]2(C)C(=O)O[C@]3(C)C(=O)O[C@]4(C)C(=O)O[C@]5(C)C(=O)O[C@]6(C)C(=O)O[C@]7(C)C(=O)O[C@]8(C)C(=O)O[C@]9(C)C(=O)O[C@]1(C)C(=O)O[C@]2(C)C(=O)O[C@]3(C)C(=O)O[C@]4(C)C(=O)O[C@]5(C)C(=O)O[C@]6(C)C(=O)O[C@]7(C)C(=O)O[C@]8(C)C(=O)O[C@]9(C)C(=O)O[C@]1(C)C(=O)O[C@]2(C)C(=O)O[C@]3(C)C(=O)O[C@]4(C)C(=O)O[C@]5(C)C(=O)O[C@]6(C)C(=O)O[C@]7(C)C(=O)O[C@]8(C)C(=O)O[C@]9(C)C(=O)O[C@]1(C)C(=O)O[C@]2(C)C(=O)O[C@]3(C)C(=O)O[C@]4(C)C(=O)O[C@]5(C)C(=O)O[C@]6(C)C(=O)O[C@]7(C)C(=O)O[C@]8(C)C(=O)O[C@]9(C)C(=O)O[C@]1(C)C(=O)O[C@]2(C)C(=O)O[C@]3(C)C(=O)O[C@]4(C)C(=O)O[C@]5(C)C(=O)O[C@]6(C)C(=O)O[C@]7(C)C(=O)O[C@]8(C)C(=O)O[C
C1=CC=C2=C(C=CC=C2)C=C1C(=O)NCC1CC1NOCOC1=CC=CC2=C1C=CC(=C2)N
CC1(C)CN(C)C(=O)C1
CC1=CC(=O)N(C(=O)C1)C(=O)O
C=1cnc2c(N)nc(N)c2N=C1C(C(C(C(=O)O)O)O)C(=O)OOP(=O)(O)O
C1=NC(=O)N(C(=O)C(=O)O)C2=C(C(=O)N=C1N)N=C2
C1=CC(=O)C2=C(C=C(C(=O)C2=C1)O)OOC(=O)C1=CC(=O)C2=C(C=C(C(=O)C2=C1)O)OCH3
C1=CC(=O)C(C(=O)C(=C1)OCH3)C(C)O
CC(=O)(O-)[NH3+](CC(=O)O)CC(=O)OCC(=O)OCC(=O)OCC(=O)OCC(=O)OCC(=O)OCC(=O)OCC(=O)OCC(=O)OCC(=O)OCC(=O)OCC(=O)OCC(=O)OCC(=O)OCC(=O)OCC(=O)OCC(=O)OCC(=O)OCC(=O)OCC(=O)OCC(=O)OCC(=O)OCC(=O)OCC(=O)OCC(=O)OCC(=O)OCC(=O)OCC(=O)OCC(=O)OCC(=O)OCC(=O)OCC(=O)OCC(=O)OCC(=O)OCC(=O)OCC(=O)OCC(=O)OCC(=O)OCC(=O)OCC(=O)OCC(=O)OCC(=O)OCC(=O)OCC(=O)OCC(=O)OCC(=O)OCC(=O)OCC(=O)OCC(=O)OCC(=O)OCC(=O)OCC(=O)OCC(=O)OCC(=O)OCC(=O)OCC(=O)OCC(=O)OCC(=O)OCC(=O)OCC(=O)OCC(=O)OCC(=O)OCC(=O)OCC(=O)OCC(=O)OCC(=O)OCC(=O)OCC(=O)OCC(=O)OCC(=O)OCC(=O)OCC(=O)OCC(=O)OCC(=O)OCC(=O)OCC(=O)OCC(=O)OCC(=O)OCC(=O)OCC(=O)OCC(=O)OCC(=O)OCC(=O)OCC(=O)OCC(=O)OCC(=O)OCC(=O)OCC(=O)OCC(=O)OCC(=O)OCC(=O)OCC(=O)OCC(=O)OCC(=O)OCC(=O)OCC(=O)OCC(=O)OCC(=O)OCC(=O)O
CC(=O)OCC(=O)C1=CC(=CC(=O)Cl)C=C1C=CH2CH2
C(=O)Nc1ccc(cc1)O(C)Oc2ccc(cc2)O[C@H]1O[C@H](C(=O)Nc3ccc(cc3)O)S(=O)(=O)O
C1=CC(C(=O)S(=O)(=O)C(=C(C(=O)O)N)CC(=O)N)C1
c1ccc2c(c1)Nc2c3ccc(cc3)C(=O)O
C(C(O)CCCCCCCCCCCC(=O)O
CC1=C(C(=O)OC(C(=O)O)C1)C2=CC(=C(C(=C2)OC)OC)OC)C3=C(C(=C(C(=C3)OC)OC)OC)N4C(=C(C(=C(C4=O)OC)OC)OC)C5CC6=C(C(=C(C(=C6)OC)OC)OC)N7C(=C(C(=C(C7=O)OC)OC)OC)CC8=C(C(=C(C(=C8)OC)OC)OC)N9C(=C(C(=C(C9=O)OC)OC)OC)C(=O)OCC(C(=O)O)C1(C(=O)O)C(=O)OCC(C(=O)O)C1(C(=O)O)C(=O)O
C1=CC(=O)C(C(=O)O)Cl(Cl)C1
CC(C(C(=O)O)OCC(=O)O)C(C(=O)O)O(C(CCC(=O)O)C(C)C(C)C(C)C(C)C(C)C(C)C(=O)O)C(CCC(=O)O)C(C)C(C)C(C)C(C)C(C)C(C)C(=O)O)C(CCC(=O)O)C(C)C(C)C(C)C(C)C(C)C(C)C(=O)O)C(CCC(=O)O)C(C)C(C)C(C)C(C)C(C)C(C)C(=O)O
NCC(C(C)C(=O)NO)C(=O)O
c1ccc2c(c3c(O)cc(O)c3O)c4c1c2c5C(=O)Oc5c4/C=C1C=CC(OC)=C1C
C1=CNc2c(cc(N)cc2N)C1C(=O)N3C(C(C(C(O3)CO)O)O)C
C1=CC=CC2=C1C(=O)N(C(=O)C3=C(C(=C(C(=C3)C(=O)N)C(=O)N)C(=O)N)C(=O)N)C(=O)N[I]
CC1OC(C(C(C(C(C(C1O)O)O)O)O)O)C(=O)N1C(C(C(C(C(C(C1O)O)O)O)O)O)C(=O)NOC(C(C(C(C(C(C1O)O)O)O)O)O)C(=O)NCC1OC(C(C(C(C(C(C1O)O)O)O)O)O)C(=O)NOC(C(C(C(C(C(C1O)O)O)O)O)O)C(=O)NOC(C(C(C(C(C(C1O)O)O)O)O)O)C(=O)NOC(C(C(C(C(C(C1O)O)O)O)O)O)C(=O)NOC(C(C(C(C(C(C1O)O)O)O)O)O)C(=O)NOC(C(C(C(C(C(C1O)O)O)O)O)O)C(=O)NOC(C(C(C(C(C(C1O)O)O)O)O)O)C(=O)NOC(C(C(C(C(C(C1O)O)O)O)O)O)C(=O)NOC(C(C(C(C(C(C1O)O)O)O)O)O)C(=O)NOC(C(C(C(C(C(C1O)O)O)O)O)O)C(=O)NOC(C(C(C(C(C(C1O)O)O)O)O)O)C(=O)NOC(C(C(C(C(C(C1O)O)O)O)O)O)C(=O)NOC(C(C(C(C(C(C1O)O)O)O)O)O)C(=O)NOC(C(C(C(C(C(C1O)O)O)O)O)O)C(=O)NOC(C(C(C(C(C(C1O)O)O)O)O)O)C(=O)NOC(C(C(C(C(C(C1O)O)O)O)O)O)C(=O)NOC(C(C(C(C(C(C1O)O)O)O)O)O)C(=O)NOC(C(C(C(C(C(C
O=S(=O)=O
NQANA[C@H]1C(=O)N[C@H]1C(=O)O[C@H]1C(=O)N[C@H]1C(=O)O[C@H]1C(=O)N[C@H]1C(=O)O[C@H]1C(=O)N[C@H]1C(=O)O[C@H]1C(=O)N[C@H]1C(=O)O[C@H]1C(=O)N[C@H]1C(=O)O[C@H]1C(=O)N[C@H]1C(=O)O[C@H]1C(=O)N[C@H]1C(=O)O[C@H]1C(=O)N[C@H]1C(=O)O[C@H]1C(=O)N[C@H]1C(=O)O[C@H]1C(=O)N[C@H]1C(=O)O[C@H]1C(=O)N[C@H]1C(=O)O[C@H]1C(=O)N[C@H]1C(=O)O[C@H]1C(=O)N[C@H]1C(=O)O[C@H]1C(=O)N[C@H]1C(=O)O[C@H]1C(=O)N[C@H]1C(=O)O[C@H]1C(=O)N[C@H]1C(=O)O[C@H]1C(=O)N[C@H]1C(=O)O[C@H]1C(=O)N[C@H]1C(=O)O[C@H]1C(=O)N[C@H]1C(=O)O[C@H]1C(=O)N[C@H]1C(=O)O[C@H]1C(=O)N[C@H]1C(=O)O[C@H]1C(=O)N[C@H]1C(=O)O[C@H]1C(=O)N[C@H]1C(=O)O[C@H]1C(=O)N[C@H]1C(=O)O[C@H]1C(=O)
CCCCCCCCCCCCCCCCC=CCCCCCCCCCCCCCCCCC=CCCCCCCCCCCCCCCCCC=CCCCCCCCCCCCCCCCCC
CC(=O)OCC(=O)C1=CC(=C(C=C1)OC)C(=O)O
CCCCC(=C)C(=O)C(=O)O-
CCCCCCCCCCCCCCC(C)C(=O)[O-]
OC1=CC(=O)O[C@H]2C(O)C(O)C(O)C2O1[C@H]1C(O)C(O)C(O)C(O)C(O)C1=O
CCCCCCCCCCCCCCCCCCCCCCCCC(C)C26=CC
CC12CC(C(C(C(C(C(C1)C)C)C)C)C)C(C)C(=C3C4CC(C(C(C(C(C(C4)C)C)C)C)C)C)C)C)C)C)C)C)C)C)C)C)C)C)C)C)C)C)C)C)C)C)C)C)C)C)C)C)C)C)C)C)C)C)C)C)C)C)C)C)C)C)C)C)C)C)C)C)C)C)C)C)C)C)C)C)C)C)C)C)C)C)C)C)C)C)C)C)C)C)C)C)C)C)C)C)C)C)C)C)C)C)C)C)C)C)C)C)C)C)C)C)C)C)C)C)C)C)C)C)C)C)C)C)C)C)C)C)C)C)C)C)C)C)C)C)C)C)C)C)C)C)C)C)C)C)C)C)C)C)C)C)C)C)C)C)C)C)C)C)C)C)C)C)C)C)C)C)C)C)C)C)C)C)C)C)C)C)C)C)C)C)C)C)C)C)C)C)C)C)C)C)C)C)C)C)C)C)C)C)C)C)C)C)C)C)C)C)C)C)C)C)C)C)C)C)C)C)C)C)C)C)C)C)C)C)C)C)C)C)C)C)C)C)C)C)C)C)C)C)C)C)C)C)C)C)C)C)C)C)C)C)C
C1C(C(C(C(C(C(O)O)O)O)O)O)O1Nc1cnc2c(N)nc(N)nc1CCCNCCCCCCN
C1=CC=NC2=CC=CC=C1C3=CC=CC=CC3N2C(=O)C2=C(C(=O)O)C(=C(C)F)C5=C1C=CC=CC2=NC5
C1=CC(=O)C2=C(C=C(C(=O)C3=C(C=C(C(=O)C3=C1)O)O)O)OCH3OC(=O)C(O)O
CC(C=CC(C=CC(C=CC(C=CC(C=CC(C=CC(C=CC(C=CC(C=CC(C=CC(C=CC(C=CC(C=CC(C=CC(C=CC(C=CC(C=CC(C=CC(C=CC(C=CC(C=CC(C=CC(C=CC(C=CC(C=CC(C=CC(C=CC(C=CC(C=CC(C=CC(C=CC(C=CC(C=CC(C=CC(C=CC(C=CC(C=CC(C=CC(C=CC(C=CC(C=CC(C=CC(C=CC(C=CC(C=CC(C=CC(C=CC(C=CC(C=CC(C=CC(C=CC(C=CC(C=CC(C=CC(C=CC(C=CC(C=CC(C=CC(C=CC(C=CC(C=CC(C=CC(C=CC(C=CC(C=CC(C=CC(C=CC(C=CC(C=CC(C=CC(C=CC(C=CC(C=CC(C=CC(C=CC(C=CC(C=CC(C=CC(C=CC(C=CC(C=CC(C=CC(C=CC(C=CC(C=CC(C=CC(C=CC(C=CC(C=CC(C=CC(C=CC(C=CC(C=CC(C=CC(C=CC(C=CC(C=CC(C=CC(C=CC(C=CC(C=CC(C=CC(C=CC(C=CC(C=CC(C=CC(C=CC(C=CC(C=CC(C=CC(C=CC(C=CC(C=CC(C=CC(C=CC(C=CC(C=CC(C=CC(C=CC(C=CC(C=CC(C=CC(C=CC(C=CC(C=CC(C=CC(C=CC(C=CC(C=CC(C=CC(C=CC(C=CC(C=CC(C=CC(C=CC(C=CC(C=CC(C=CC(C=CC(C=CC(C=CC(C=CC(C=CC(C=CC(C=CC(C=CC(C=CC(C=CC(C=CC(C=CC(C=CC(C=CC(C=CC(C=CC(C=CC(C=CC(C=CC(C=CC(C=CC(C=CC(C=CC(C=CC(C=CC(C=CC(C=CC(C=CC(C=CC(C=CC(C=CC(C=CC(C
CC(=O)N[C@H]1C(=O)N[C@H]1C(=O)N[C@H]1C(=O)N[C@H]1C(=O)N[C@H]1C(=O)N[C@H]1C(=O)N[C@H]1C(=O)N[C@H]1C(=O)N[C@H]1C(=O)N[C@H]1C(=O)N[C@H]1C(=O)N[C@H]1C(=O)N[C@H]1C(=O)N[C@H]1C(=O)N[C@H]1C(=O)N[C@H]1C(=O)N[C@H]1C(=O)N[C@H]1C(=O)N[C@H]1C(=O)N[C@H]1C(=O)N[C@H]1C(=O)N[C@H]1C(=O)N[C@H]1C(=O)N[C@H]1C(=O)N[C@H]1C(=O)N[C@H]1C(=O)N[C@H]1C(=O)N[C@H]1C(=O)N[C@H]1C(=O)N[C@H]1C(=O)N[C@H]1C(=O)N[C@H]1C(=O)N[C@H]1C(=O)N[C@H]1C(=O)N[C@H]1C(=O)N[C@H]1C(=O)N[C@H]1C(=O)N[C@H]1C(=O)N[C@H]1C(=O)N[C@H]1C(=O)N[C@H]1C(=O)N[C@H]1C(=O)N[C@H]1C(=O)N[C@H]1C(=O)N[C@H]1C(=O)N[C@H]1C(=O)N[C@H]1C(=O)N[C@H]1C(=O)N[C@H]1C(=O)N[C@H]1C(=O)N[C@H]1C(=
CC(C)C(=O)NCCC(=O)NCC(=O)O
C([C@H]1O)(C([H])(O)O[C@H]2O[C@H]([H])O[C@H]2O)C1O[C@H]3O[C@H]([H])O[C@H]4O[C@H]([H])O[C@H]4O
C1(C(C(C(C(C1OP(=O)(O)O)O)O)OP(=O)(O)OP(=O)(O)O)OP(=O)(O)O)OP(=O)(O)OP(=O)(O)O
CC1=CC(=O)C2=C(C=C(C(=O)C1)O)C(=O)C2(O)C3=C(C=C(C(=O)C3)O)O
C1=CC=CC=C1C(=O)O
CC(=O)CCC(C)C(C)CCC(C)C(C)C(C)C(C)C(C)C(C)C(C)C(C)C(C)C(C)C(C)C(C)C(C)C(C)C(C)C(C)C(C)C(C)C(C)C(C)C(C)C(C)C(C)C(C)C(C)C(C)C(C)C(C)C(C)C(C)C(C)C(C)C(C)C(C)C(C)C(C)C(C)C(C)C(C)C(C)C(C)C(C)C(C)C(C)C(C)C(C)C(C)C(C)C(C)C(C)C(C)C(C)C(C)C(C)C(C)C(C)C(C)C(C)C(C)C(C)C(C)C(C)C(C)C(C)C(C)C(C)C(C)C(C)C(C)C(C)C(C)C(C)C(C)C(C)C(C)C(C)C(C)C(C)C(C)C(C)C(C)C(C)C(C)C(C)C(C)C(C)C(C)C(C)C(C)C(C)C(C)C(C)C(C)C(C)C(C)C(C)C(C)C(C)C(C)C(C)C(C)C(C)C(C)C(C)C(C)C(C)C(C)C(C)C(C)C(C)C(C)C(C)C(C)C(C)C(C)C(C)C(C)C(C)C(C)C(C)C(C)C(C)C(C)C(C)C(C)C(C)C(C)C(C)C(C)C(C)C(C)C(C)C(C)C(C)C(C)C(C)C(C)C(C)C(C)C(C)C(C)C(C)C(C)C(C)C(C)C(C)C(C)C(C)C(C)C(C)C(C)C(C)C(C)C(C)C(C)C(C)C(C)C(C)C(C)C(C)C(C)C(C)C(C)C(C)C(C)C(C)C(C)C
SC(=O)CC(=O)O
CCCCCCCC(=O)CCCCCCCCCCCCCOC[C@H]1[C@H](O)[C@H](O)[C@H](O)[C@H]1O[C@H](=O)C1=C(C(C(C(C(C(C(C1O)O)O)O)O)O)O)C(=O)NOC[C@H]1[C@H](O)[C@H](O)[C@H](N(C)C(=O)C)O1OC[C@H]1[C@H](O)[C@H](O)[C@H](N(C)C(=O)C)O1
C1(C(=C)C(=C)CCC(C(=C)C(C=C)C)C)C
C1(C(C(=O)C2(C(C(C(C(C2)C(=O)C)C(=C(C)C(C(C)C)C)C)C)C)C)C)C1OC(=O)C(C(=C(C)C(C(C)C)C)C)C
CC1=C(C=C(C=C1)C2=C(C=C(C=C2)C3=C(C(=O)C4=C(C=C(C=C4)C5=C(C(=O)C6=C(C=C(C=C6)C7=C(C(=O)C8=C(C=C(C=C8)C9=C(C(=O)C1=C2)C3=C(C(=O)C4=C(C=C(C=C4)C5=C(C(=O)C6=C(C=C(C=C6)C7=C(C(=O)C8=C(C=C(C=C8)C9=C(C(=O)C1=C2)C3=C(C(=O)C4=C(C=C(C=C4)C5=C(C(=O)C6=C(C=C(C=C6)C7=C(C(=O)C8=C(C=C(C=C8)C9=C(C(=O)C1=C2)C3=C(C(=O)C4=C(C=C(C=C4)C5=C(C(=O)C6=C(C=C(C=C6)C7=C(C(=O)C8=C(C=C(C=C8)C9=C(C(=O)C1=C2)C3=C(C(=O)C4=C(C=C(C=C4)C5=C(C(=O)C6=C(C=C(C=C6)C7=C(C(=O)C8=C(C=C(C=C8)C9=C(C(=O)C1=C2)C3=C(C(=O)C4=C(C=C(C=C4)C5=C(C(=O)C6=C(C=C(C=C6)C7=C(C(=O)C8=C(C=C(C=C8)C9=C(C(=O)C1=C2)C3=C(C(=O)C4=C(C=C(C=C4)C5=C(C(=O)C6=C(C=C(C=C6)C7=C(C(=O)C8=C(C=C(C=C8)C9=C(C(=O)C1=C2)C3=C(C(=O)C4=C(C=C(C=C4)C5=C(C(=O)C6=C(C=C(C=C6)C7=C(C(=O)C8=C(C=C(C=C8)C9=C(C(=O)C1=C2)C3=C(C(=O)C4=C(C=C(C=C
C(=O)NCC(N[H+])CC(=O)N
C1CCC2C(C1)C(=O)C(=O)O.C1CC2C(=O)N(C(C)(C)C)C2C1CSC1CC2C(=N)N(C2)C1
C1(C(=O)C2(C(=O)C3(C(=O)C4(C5(C6=C7(C8(C9N(C1)C2)C3)C4)C5)C6=C7)C8)C9)C1(C2(C3(C4(C5(C6=C7(C8(C9N(C1)C2)C3)C4)C5)C6=C7)C8)C9
C1=CC(=C(C=C1OC(C(CO)O)C2=CC(=C(C=C2)OC)O)O
CC1=CC(=O)N1C(=O)N/SC(=S)N1C(=S)N(N=C1)C/CC(=O)O[N1C(=N)N=N1]
CC(=O)CC(C(=O)O)CC(C(=O)O)CC(C(=O)O)CC(C(=O)O)CC(C(=O)O)CC(C(=O)O)CC(C(=O)O)CC(C(=O)O)CC(C(=O)O)CC(C(=O)O)CC(=O)SCC(=O)N1C(=O)N(C(=O)N(C(=O)N(C(=O)N1C(=O)N2C(=O)N(C(=O)N(C(=O)N2C(=O)O)CC3=CC=CC=C3)CC(=O)N)CC(=O)O)CC(=O)O)CC(=O)O
